TN:
SF:admin\src\App.tsx
FN:5,App
FNF:1
FNH:0
FNDA:0,App
DA:1,0
DA:2,0
DA:6,0
DA:59,0
LF:4
LH:0
BRF:0
BRH:0
end_of_record
TN:
SF:admin\src\pages\AdminDashboard\BulkDeleteModal.tsx
FN:9,(anonymous_0)
FNF:1
FNH:0
FNDA:0,(anonymous_0)
DA:9,0
DA:14,0
LF:2
LH:0
BRDA:48,0,0,0
BRDA:48,0,1,0
BRF:2
BRH:0
end_of_record
TN:
SF:admin\src\pages\AdminDashboard\ImportCsv\download.ts
FN:3,downloadErrorsCsv
FN:12,(anonymous_1)
FNF:2
FNH:0
FNDA:0,downloadErrorsCsv
FNDA:0,(anonymous_1)
DA:3,0
DA:4,0
DA:5,0
DA:9,0
DA:10,0
DA:12,0
DA:23,0
DA:24,0
DA:26,0
DA:27,0
DA:28,0
DA:29,0
DA:30,0
DA:31,0
DA:32,0
DA:33,0
LF:16
LH:0
BRDA:4,0,0,0
BRDA:4,0,1,0
BRDA:17,1,0,0
BRDA:17,1,1,0
BRDA:18,2,0,0
BRDA:18,2,1,0
BRDA:26,3,0,0
BRDA:26,3,1,0
BRF:8
BRH:0
end_of_record
TN:
SF:admin\src\pages\AdminDashboard\ImportCsv\parseCsv.ts
FN:6,validateHeaders
FN:7,(anonymous_2)
FN:8,(anonymous_3)
FN:12,(anonymous_4)
FN:27,parseCsvFile
FN:28,(anonymous_6)
FN:33,(anonymous_7)
FN:35,(anonymous_8)
FN:46,(anonymous_9)
FN:51,(anonymous_10)
FN:64,(anonymous_11)
FN:87,(anonymous_12)
FNF:12
FNH:0
FNDA:0,validateHeaders
FNDA:0,(anonymous_2)
FNDA:0,(anonymous_3)
FNDA:0,(anonymous_4)
FNDA:0,parseCsvFile
FNDA:0,(anonymous_6)
FNDA:0,(anonymous_7)
FNDA:0,(anonymous_8)
FNDA:0,(anonymous_9)
FNDA:0,(anonymous_10)
FNDA:0,(anonymous_11)
FNDA:0,(anonymous_12)
DA:1,0
DA:4,0
DA:6,0
DA:7,0
DA:8,0
DA:9,0
DA:12,0
DA:20,0
DA:27,0
DA:28,0
DA:29,0
DA:34,0
DA:35,0
DA:36,0
DA:39,0
DA:40,0
DA:41,0
DA:43,0
DA:44,0
DA:46,0
DA:48,0
DA:51,0
DA:52,0
DA:55,0
DA:58,0
DA:64,0
DA:65,0
DA:66,0
DA:67,0
DA:72,0
DA:73,0
DA:77,0
DA:79,0
DA:82,0
DA:88,0
LF:35
LH:0
BRDA:34,0,0,0
BRDA:34,0,1,0
BRDA:39,1,0,0
BRDA:39,1,1,0
BRDA:43,2,0,0
BRDA:43,2,1,0
BRDA:66,3,0,0
BRDA:66,3,1,0
BRDA:72,4,0,0
BRDA:72,4,1,0
BRDA:73,5,0,0
BRDA:73,5,1,0
BRDA:73,6,0,0
BRDA:73,6,1,0
BRF:14
BRH:0
end_of_record
TN:
SF:admin\src\pages\AdminDashboard\ImportCsv\validation.ts
FN:5,validateRequired
FN:12,validateName
FN:22,validateDate
FN:43,validateTime
FN:68,validateSurface
FN:76,validateDistance
FN:103,validateKidRun
FN:111,validateUrl
FN:122,validateId
FN:136,validateBackendCompatibility
FN:255,validateLatitude
FN:268,validateLongitude
FN:282,parseDistances
FN:287,(anonymous_13)
FN:288,(anonymous_14)
FN:289,(anonymous_15)
FN:312,parseKidRun
FN:319,parseNumber
FN:327,validateCsvRow
FN:448,(anonymous_19)
FN:527,normalizeCsvRow
FN:548,validateAndTransform
FN:557,(anonymous_22)
FN:568,(anonymous_23)
FN:590,(anonymous_24)
FNF:25
FNH:16
FNDA:115,validateRequired
FNDA:23,validateName
FNDA:23,validateDate
FNDA:23,validateTime
FNDA:23,validateSurface
FNDA:108,validateDistance
FNDA:23,validateKidRun
FNDA:0,validateUrl
FNDA:0,validateId
FNDA:4,validateBackendCompatibility
FNDA:0,validateLatitude
FNDA:0,validateLongitude
FNDA:84,parseDistances
FNDA:153,(anonymous_13)
FNDA:153,(anonymous_14)
FNDA:149,(anonymous_15)
FNDA:22,parseKidRun
FNDA:0,parseNumber
FNDA:23,validateCsvRow
FNDA:45,(anonymous_19)
FNDA:22,normalizeCsvRow
FNDA:0,validateAndTransform
FNDA:0,(anonymous_22)
FNDA:0,(anonymous_23)
FNDA:0,(anonymous_24)
DA:5,2
DA:6,115
DA:7,0
DA:9,115
DA:12,2
DA:13,23
DA:14,0
DA:16,23
DA:17,0
DA:19,23
DA:22,2
DA:24,23
DA:25,23
DA:26,0
DA:30,23
DA:31,23
DA:33,23
DA:34,0
DA:37,0
DA:40,23
DA:43,2
DA:45,23
DA:46,23
DA:47,0
DA:51,23
DA:53,23
DA:54,23
DA:55,23
DA:58,23
DA:59,0
DA:62,0
DA:65,23
DA:68,2
DA:69,23
DA:70,23
DA:71,0
DA:73,23
DA:76,2
DA:78,108
DA:95,108
DA:96,108
DA:97,11
DA:100,97
DA:103,2
DA:104,23
DA:105,23
DA:106,0
DA:108,23
DA:111,2
DA:112,0
DA:114,0
DA:115,0
DA:116,0
DA:118,0
DA:122,2
DA:123,0
DA:125,0
DA:126,0
DA:127,0
DA:129,0
DA:130,0
DA:132,0
DA:136,2
DA:137,4
DA:140,4
DA:141,1
DA:151,4
DA:152,4
DA:153,4
DA:154,4
DA:155,1
DA:164,0
DA:175,4
DA:176,4
DA:177,4
DA:178,4
DA:179,1
DA:188,0
DA:199,4
DA:200,0
DA:210,4
DA:211,0
DA:221,4
DA:222,0
DA:232,4
DA:233,0
DA:242,4
DA:243,0
DA:252,4
DA:255,2
DA:256,0
DA:258,0
DA:259,0
DA:260,0
DA:262,0
DA:263,0
DA:265,0
DA:268,2
DA:269,0
DA:271,0
DA:272,0
DA:273,0
DA:275,0
DA:276,0
DA:278,0
DA:282,2
DA:283,84
DA:285,81
DA:287,153
DA:288,153
DA:291,149
DA:308,149
DA:312,2
DA:313,22
DA:315,22
DA:316,22
DA:319,2
DA:320,0
DA:322,0
DA:323,0
DA:327,2
DA:328,23
DA:331,23
DA:332,23
DA:333,0
DA:341,23
DA:342,23
DA:343,0
DA:351,23
DA:352,23
DA:353,0
DA:361,23
DA:362,23
DA:363,0
DA:371,23
DA:372,23
DA:373,0
DA:382,23
DA:383,0
DA:384,0
DA:385,0
DA:395,23
DA:396,23
DA:397,23
DA:398,0
DA:407,23
DA:408,23
DA:409,23
DA:410,0
DA:419,23
DA:420,23
DA:421,23
DA:422,0
DA:431,23
DA:432,23
DA:433,23
DA:434,0
DA:443,23
DA:444,23
DA:445,23
DA:446,23
DA:448,23
DA:449,45
DA:450,45
DA:451,5
DA:453,45
DA:456,23
DA:457,5
DA:465,0
DA:466,0
DA:475,23
DA:476,23
DA:477,23
DA:478,0
DA:487,23
DA:488,0
DA:489,0
DA:490,0
DA:499,23
DA:500,0
DA:501,0
DA:502,0
DA:511,23
DA:512,0
DA:513,0
DA:514,0
DA:523,23
DA:527,2
DA:528,22
DA:548,2
DA:553,0
DA:554,0
DA:555,0
DA:557,0
DA:558,0
DA:559,0
DA:561,0
DA:562,0
DA:563,0
DA:566,0
DA:567,0
DA:568,0
DA:569,0
DA:571,0
DA:575,0
DA:579,0
DA:581,0
DA:590,0
DA:591,0
DA:602,0
LF:210
LH:119
BRDA:6,0,0,0
BRDA:6,0,1,115
BRDA:6,1,0,115
BRDA:6,1,1,115
BRDA:13,2,0,0
BRDA:13,2,1,23
BRDA:16,3,0,0
BRDA:16,3,1,23
BRDA:25,4,0,0
BRDA:25,4,1,23
BRDA:33,5,0,0
BRDA:33,5,1,23
BRDA:46,6,0,0
BRDA:46,6,1,23
BRDA:54,7,0,23
BRDA:54,7,1,23
BRDA:58,8,0,0
BRDA:58,8,1,23
BRDA:70,9,0,0
BRDA:70,9,1,23
BRDA:96,10,0,11
BRDA:96,10,1,97
BRDA:105,11,0,0
BRDA:105,11,1,23
BRDA:112,12,0,0
BRDA:112,12,1,0
BRDA:123,13,0,0
BRDA:123,13,1,0
BRDA:126,14,0,0
BRDA:126,14,1,0
BRDA:129,15,0,0
BRDA:129,15,1,0
BRDA:140,16,0,1
BRDA:140,16,1,3
BRDA:140,17,0,4
BRDA:140,17,1,3
BRDA:146,18,0,1
BRDA:146,18,1,1
BRDA:151,19,0,4
BRDA:151,19,1,0
BRDA:154,20,0,1
BRDA:154,20,1,3
BRDA:175,21,0,4
BRDA:175,21,1,0
BRDA:178,22,0,1
BRDA:178,22,1,3
BRDA:178,23,0,4
BRDA:178,23,1,4
BRDA:178,23,2,4
BRDA:178,23,3,4
BRDA:178,23,4,3
BRDA:178,23,5,3
BRDA:199,24,0,0
BRDA:199,24,1,4
BRDA:199,25,0,4
BRDA:199,25,1,4
BRDA:210,26,0,0
BRDA:210,26,1,4
BRDA:210,27,0,4
BRDA:210,27,1,4
BRDA:221,28,0,0
BRDA:221,28,1,4
BRDA:232,29,0,0
BRDA:232,29,1,4
BRDA:232,30,0,4
BRDA:232,30,1,0
BRDA:232,30,2,0
BRDA:242,31,0,0
BRDA:242,31,1,4
BRDA:242,32,0,4
BRDA:242,32,1,0
BRDA:242,32,2,0
BRDA:256,33,0,0
BRDA:256,33,1,0
BRDA:259,34,0,0
BRDA:259,34,1,0
BRDA:262,35,0,0
BRDA:262,35,1,0
BRDA:262,36,0,0
BRDA:262,36,1,0
BRDA:269,37,0,0
BRDA:269,37,1,0
BRDA:272,38,0,0
BRDA:272,38,1,0
BRDA:275,39,0,0
BRDA:275,39,1,0
BRDA:275,40,0,0
BRDA:275,40,1,0
BRDA:283,41,0,3
BRDA:283,41,1,81
BRDA:308,42,0,149
BRDA:308,42,1,8
BRDA:313,43,0,0
BRDA:313,43,1,22
BRDA:316,44,0,22
BRDA:316,44,1,19
BRDA:316,44,2,19
BRDA:320,45,0,0
BRDA:320,45,1,0
BRDA:323,46,0,0
BRDA:323,46,1,0
BRDA:332,47,0,0
BRDA:332,47,1,23
BRDA:337,48,0,0
BRDA:337,48,1,0
BRDA:342,49,0,0
BRDA:342,49,1,23
BRDA:347,50,0,0
BRDA:347,50,1,0
BRDA:352,51,0,0
BRDA:352,51,1,23
BRDA:357,52,0,0
BRDA:357,52,1,0
BRDA:362,53,0,0
BRDA:362,53,1,23
BRDA:367,54,0,0
BRDA:367,54,1,0
BRDA:372,55,0,0
BRDA:372,55,1,23
BRDA:377,56,0,0
BRDA:377,56,1,0
BRDA:382,57,0,0
BRDA:382,57,1,23
BRDA:384,58,0,0
BRDA:384,58,1,0
BRDA:395,59,0,23
BRDA:395,59,1,0
BRDA:397,60,0,0
BRDA:397,60,1,23
BRDA:407,61,0,23
BRDA:407,61,1,0
BRDA:409,62,0,0
BRDA:409,62,1,23
BRDA:419,63,0,23
BRDA:419,63,1,0
BRDA:421,64,0,0
BRDA:421,64,1,23
BRDA:431,65,0,23
BRDA:431,65,1,0
BRDA:433,66,0,0
BRDA:433,66,1,23
BRDA:443,67,0,23
BRDA:443,67,1,0
BRDA:450,68,0,5
BRDA:450,68,1,40
BRDA:456,69,0,5
BRDA:456,69,1,18
BRDA:475,70,0,23
BRDA:475,70,1,0
BRDA:477,71,0,0
BRDA:477,71,1,23
BRDA:487,72,0,0
BRDA:487,72,1,23
BRDA:489,73,0,0
BRDA:489,73,1,0
BRDA:499,74,0,0
BRDA:499,74,1,23
BRDA:501,75,0,0
BRDA:501,75,1,0
BRDA:511,76,0,0
BRDA:511,76,1,23
BRDA:513,77,0,0
BRDA:513,77,1,0
BRDA:529,78,0,0
BRDA:529,78,1,22
BRDA:530,79,0,22
BRDA:530,79,1,0
BRDA:531,80,0,22
BRDA:531,80,1,0
BRDA:534,81,0,22
BRDA:534,81,1,0
BRDA:535,82,0,22
BRDA:535,82,1,0
BRDA:537,83,0,22
BRDA:537,83,1,0
BRDA:538,84,0,22
BRDA:538,84,1,2
BRDA:539,85,0,22
BRDA:539,85,1,0
BRDA:540,86,0,22
BRDA:540,86,1,22
BRDA:541,87,0,22
BRDA:541,87,1,22
BRDA:542,88,0,0
BRDA:542,88,1,22
BRDA:542,89,0,0
BRDA:542,89,1,0
BRDA:543,90,0,0
BRDA:543,90,1,22
BRDA:543,91,0,0
BRDA:543,91,1,0
BRDA:561,92,0,0
BRDA:561,92,1,0
BRDA:567,93,0,0
BRDA:567,93,1,0
BRF:195
BRH:91
end_of_record
TN:
SF:main\src\App.tsx
FN:12,App
FNF:1
FNH:0
FNDA:0,App
DA:1,0
DA:2,0
DA:3,0
DA:4,0
DA:5,0
DA:6,0
DA:7,0
DA:8,0
DA:9,0
DA:13,0
DA:80,0
LF:11
LH:0
BRF:0
BRH:0
end_of_record
TN:
SF:main\src\admin\App.tsx
FN:6,App
FNF:1
FNH:0
FNDA:0,App
DA:1,0
DA:2,0
DA:3,0
DA:7,0
DA:64,0
LF:5
LH:0
BRF:0
BRH:0
end_of_record
TN:
SF:main\src\admin\pages\AdminDashboard\BulkDeleteModal.tsx
FN:9,(anonymous_0)
FNF:1
FNH:0
FNDA:0,(anonymous_0)
DA:9,0
DA:14,0
LF:2
LH:0
BRDA:48,0,0,0
BRDA:48,0,1,0
BRF:2
BRH:0
end_of_record
TN:
SF:main\src\admin\pages\AdminDashboard\ImportCsv\download.ts
FN:3,downloadErrorsCsv
FN:12,(anonymous_1)
FNF:2
FNH:0
FNDA:0,downloadErrorsCsv
FNDA:0,(anonymous_1)
DA:3,0
DA:4,0
DA:5,0
DA:9,0
DA:10,0
DA:12,0
DA:23,0
DA:24,0
DA:26,0
DA:27,0
DA:28,0
DA:29,0
DA:30,0
DA:31,0
DA:32,0
DA:33,0
LF:16
LH:0
BRDA:4,0,0,0
BRDA:4,0,1,0
BRDA:17,1,0,0
BRDA:17,1,1,0
BRDA:18,2,0,0
BRDA:18,2,1,0
BRDA:26,3,0,0
BRDA:26,3,1,0
BRF:8
BRH:0
end_of_record
TN:
SF:main\src\admin\pages\AdminDashboard\ImportCsv\parseCsv.ts
FN:6,validateHeaders
FN:7,(anonymous_2)
FN:8,(anonymous_3)
FN:12,(anonymous_4)
FN:27,parseCsvFile
FN:28,(anonymous_6)
FN:33,(anonymous_7)
FN:35,(anonymous_8)
FN:46,(anonymous_9)
FN:51,(anonymous_10)
FN:64,(anonymous_11)
FN:87,(anonymous_12)
FNF:12
FNH:0
FNDA:0,validateHeaders
FNDA:0,(anonymous_2)
FNDA:0,(anonymous_3)
FNDA:0,(anonymous_4)
FNDA:0,parseCsvFile
FNDA:0,(anonymous_6)
FNDA:0,(anonymous_7)
FNDA:0,(anonymous_8)
FNDA:0,(anonymous_9)
FNDA:0,(anonymous_10)
FNDA:0,(anonymous_11)
FNDA:0,(anonymous_12)
DA:1,0
DA:4,0
DA:6,0
DA:7,0
DA:8,0
DA:9,0
DA:12,0
DA:20,0
DA:27,0
DA:28,0
DA:29,0
DA:34,0
DA:35,0
DA:36,0
DA:39,0
DA:40,0
DA:41,0
DA:43,0
DA:44,0
DA:46,0
DA:48,0
DA:51,0
DA:52,0
DA:55,0
DA:58,0
DA:64,0
DA:65,0
DA:66,0
DA:67,0
DA:72,0
DA:73,0
DA:77,0
DA:79,0
DA:82,0
DA:88,0
LF:35
LH:0
BRDA:34,0,0,0
BRDA:34,0,1,0
BRDA:39,1,0,0
BRDA:39,1,1,0
BRDA:43,2,0,0
BRDA:43,2,1,0
BRDA:66,3,0,0
BRDA:66,3,1,0
BRDA:72,4,0,0
BRDA:72,4,1,0
BRDA:73,5,0,0
BRDA:73,5,1,0
BRDA:73,6,0,0
BRDA:73,6,1,0
BRF:14
BRH:0
end_of_record
TN:
SF:main\src\admin\pages\AdminDashboard\ImportCsv\validation.ts
FN:5,validateRequired
FN:12,validateName
FN:22,validateDate
FN:43,validateTime
FN:68,validateSurface
FN:76,validateDistance
FN:103,validateKidRun
FN:111,validateUrl
FN:122,validateId
FN:136,validateBackendCompatibility
FN:255,validateLatitude
FN:268,validateLongitude
FN:282,parseDistances
FN:287,(anonymous_13)
FN:288,(anonymous_14)
FN:289,(anonymous_15)
FN:312,parseKidRun
FN:319,parseNumber
FN:327,validateCsvRow
FN:448,(anonymous_19)
FN:527,normalizeCsvRow
FN:548,validateAndTransform
FN:557,(anonymous_22)
FN:568,(anonymous_23)
FN:590,(anonymous_24)
FNF:25
FNH:16
FNDA:115,validateRequired
FNDA:23,validateName
FNDA:23,validateDate
FNDA:23,validateTime
FNDA:23,validateSurface
FNDA:108,validateDistance
FNDA:23,validateKidRun
FNDA:0,validateUrl
FNDA:0,validateId
FNDA:4,validateBackendCompatibility
FNDA:0,validateLatitude
FNDA:0,validateLongitude
FNDA:84,parseDistances
FNDA:153,(anonymous_13)
FNDA:153,(anonymous_14)
FNDA:149,(anonymous_15)
FNDA:22,parseKidRun
FNDA:0,parseNumber
FNDA:23,validateCsvRow
FNDA:45,(anonymous_19)
FNDA:22,normalizeCsvRow
FNDA:0,validateAndTransform
FNDA:0,(anonymous_22)
FNDA:0,(anonymous_23)
FNDA:0,(anonymous_24)
DA:5,2
DA:6,115
DA:7,0
DA:9,115
DA:12,2
DA:13,23
DA:14,0
DA:16,23
DA:17,0
DA:19,23
DA:22,2
DA:24,23
DA:25,23
DA:26,0
DA:30,23
DA:31,23
DA:33,23
DA:34,0
DA:37,0
DA:40,23
DA:43,2
DA:45,23
DA:46,23
DA:47,0
DA:51,23
DA:53,23
DA:54,23
DA:55,23
DA:58,23
DA:59,0
DA:62,0
DA:65,23
DA:68,2
DA:69,23
DA:70,23
DA:71,0
DA:73,23
DA:76,2
DA:78,108
DA:95,108
DA:96,108
DA:97,11
DA:100,97
DA:103,2
DA:104,23
DA:105,23
DA:106,0
DA:108,23
DA:111,2
DA:112,0
DA:114,0
DA:115,0
DA:116,0
DA:118,0
DA:122,2
DA:123,0
DA:125,0
DA:126,0
DA:127,0
DA:129,0
DA:130,0
DA:132,0
DA:136,2
DA:137,4
DA:140,4
DA:141,1
DA:151,4
DA:152,4
DA:153,4
DA:154,4
DA:155,1
DA:164,0
DA:175,4
DA:176,4
DA:177,4
DA:178,4
DA:179,1
DA:188,0
DA:199,4
DA:200,0
DA:210,4
DA:211,0
DA:221,4
DA:222,0
DA:232,4
DA:233,0
DA:242,4
DA:243,0
DA:252,4
DA:255,2
DA:256,0
DA:258,0
DA:259,0
DA:260,0
DA:262,0
DA:263,0
DA:265,0
DA:268,2
DA:269,0
DA:271,0
DA:272,0
DA:273,0
DA:275,0
DA:276,0
DA:278,0
DA:282,2
DA:283,84
DA:285,81
DA:287,153
DA:288,153
DA:291,149
DA:308,149
DA:312,2
DA:313,22
DA:315,22
DA:316,22
DA:319,2
DA:320,0
DA:322,0
DA:323,0
DA:327,2
DA:328,23
DA:331,23
DA:332,23
DA:333,0
DA:341,23
DA:342,23
DA:343,0
DA:351,23
DA:352,23
DA:353,0
DA:361,23
DA:362,23
DA:363,0
DA:371,23
DA:372,23
DA:373,0
DA:382,23
DA:383,0
DA:384,0
DA:385,0
DA:395,23
DA:396,23
DA:397,23
DA:398,0
DA:407,23
DA:408,23
DA:409,23
DA:410,0
DA:419,23
DA:420,23
DA:421,23
DA:422,0
DA:431,23
DA:432,23
DA:433,23
DA:434,0
DA:443,23
DA:444,23
DA:445,23
DA:446,23
DA:448,23
DA:449,45
DA:450,45
DA:451,5
DA:453,45
DA:456,23
DA:457,5
DA:465,0
DA:466,0
DA:475,23
DA:476,23
DA:477,23
DA:478,0
DA:487,23
DA:488,0
DA:489,0
DA:490,0
DA:499,23
DA:500,0
DA:501,0
DA:502,0
DA:511,23
DA:512,0
DA:513,0
DA:514,0
DA:523,23
DA:527,2
DA:528,22
DA:548,2
DA:553,0
DA:554,0
DA:555,0
DA:557,0
DA:558,0
DA:559,0
DA:561,0
DA:562,0
DA:563,0
DA:566,0
DA:567,0
DA:568,0
DA:569,0
DA:571,0
DA:575,0
DA:579,0
DA:581,0
DA:590,0
DA:591,0
DA:602,0
LF:210
LH:119
BRDA:6,0,0,0
BRDA:6,0,1,115
BRDA:6,1,0,115
BRDA:6,1,1,115
BRDA:13,2,0,0
BRDA:13,2,1,23
BRDA:16,3,0,0
BRDA:16,3,1,23
BRDA:25,4,0,0
BRDA:25,4,1,23
BRDA:33,5,0,0
BRDA:33,5,1,23
BRDA:46,6,0,0
BRDA:46,6,1,23
BRDA:54,7,0,23
BRDA:54,7,1,23
BRDA:58,8,0,0
BRDA:58,8,1,23
BRDA:70,9,0,0
BRDA:70,9,1,23
BRDA:96,10,0,11
BRDA:96,10,1,97
BRDA:105,11,0,0
BRDA:105,11,1,23
BRDA:112,12,0,0
BRDA:112,12,1,0
BRDA:123,13,0,0
BRDA:123,13,1,0
BRDA:126,14,0,0
BRDA:126,14,1,0
BRDA:129,15,0,0
BRDA:129,15,1,0
BRDA:140,16,0,1
BRDA:140,16,1,3
BRDA:140,17,0,4
BRDA:140,17,1,3
BRDA:146,18,0,1
BRDA:146,18,1,1
BRDA:151,19,0,4
BRDA:151,19,1,0
BRDA:154,20,0,1
BRDA:154,20,1,3
BRDA:175,21,0,4
BRDA:175,21,1,0
BRDA:178,22,0,1
BRDA:178,22,1,3
BRDA:178,23,0,4
BRDA:178,23,1,4
BRDA:178,23,2,4
BRDA:178,23,3,4
BRDA:178,23,4,3
BRDA:178,23,5,3
BRDA:199,24,0,0
BRDA:199,24,1,4
BRDA:199,25,0,4
BRDA:199,25,1,4
BRDA:210,26,0,0
BRDA:210,26,1,4
BRDA:210,27,0,4
BRDA:210,27,1,4
BRDA:221,28,0,0
BRDA:221,28,1,4
BRDA:232,29,0,0
BRDA:232,29,1,4
BRDA:232,30,0,4
BRDA:232,30,1,0
BRDA:232,30,2,0
BRDA:242,31,0,0
BRDA:242,31,1,4
BRDA:242,32,0,4
BRDA:242,32,1,0
BRDA:242,32,2,0
BRDA:256,33,0,0
BRDA:256,33,1,0
BRDA:259,34,0,0
BRDA:259,34,1,0
BRDA:262,35,0,0
BRDA:262,35,1,0
BRDA:262,36,0,0
BRDA:262,36,1,0
BRDA:269,37,0,0
BRDA:269,37,1,0
BRDA:272,38,0,0
BRDA:272,38,1,0
BRDA:275,39,0,0
BRDA:275,39,1,0
BRDA:275,40,0,0
BRDA:275,40,1,0
BRDA:283,41,0,3
BRDA:283,41,1,81
BRDA:308,42,0,149
BRDA:308,42,1,8
BRDA:313,43,0,0
BRDA:313,43,1,22
BRDA:316,44,0,22
BRDA:316,44,1,19
BRDA:316,44,2,19
BRDA:320,45,0,0
BRDA:320,45,1,0
BRDA:323,46,0,0
BRDA:323,46,1,0
BRDA:332,47,0,0
BRDA:332,47,1,23
BRDA:337,48,0,0
BRDA:337,48,1,0
BRDA:342,49,0,0
BRDA:342,49,1,23
BRDA:347,50,0,0
BRDA:347,50,1,0
BRDA:352,51,0,0
BRDA:352,51,1,23
BRDA:357,52,0,0
BRDA:357,52,1,0
BRDA:362,53,0,0
BRDA:362,53,1,23
BRDA:367,54,0,0
BRDA:367,54,1,0
BRDA:372,55,0,0
BRDA:372,55,1,23
BRDA:377,56,0,0
BRDA:377,56,1,0
BRDA:382,57,0,0
BRDA:382,57,1,23
BRDA:384,58,0,0
BRDA:384,58,1,0
BRDA:395,59,0,23
BRDA:395,59,1,0
BRDA:397,60,0,0
BRDA:397,60,1,23
BRDA:407,61,0,23
BRDA:407,61,1,0
BRDA:409,62,0,0
BRDA:409,62,1,23
BRDA:419,63,0,23
BRDA:419,63,1,0
BRDA:421,64,0,0
BRDA:421,64,1,23
BRDA:431,65,0,23
BRDA:431,65,1,0
BRDA:433,66,0,0
BRDA:433,66,1,23
BRDA:443,67,0,23
BRDA:443,67,1,0
BRDA:450,68,0,5
BRDA:450,68,1,40
BRDA:456,69,0,5
BRDA:456,69,1,18
BRDA:475,70,0,23
BRDA:475,70,1,0
BRDA:477,71,0,0
BRDA:477,71,1,23
BRDA:487,72,0,0
BRDA:487,72,1,23
BRDA:489,73,0,0
BRDA:489,73,1,0
BRDA:499,74,0,0
BRDA:499,74,1,23
BRDA:501,75,0,0
BRDA:501,75,1,0
BRDA:511,76,0,0
BRDA:511,76,1,23
BRDA:513,77,0,0
BRDA:513,77,1,0
BRDA:529,78,0,0
BRDA:529,78,1,22
BRDA:530,79,0,22
BRDA:530,79,1,0
BRDA:531,80,0,22
BRDA:531,80,1,0
BRDA:534,81,0,22
BRDA:534,81,1,0
BRDA:535,82,0,22
BRDA:535,82,1,0
BRDA:537,83,0,22
BRDA:537,83,1,0
BRDA:538,84,0,22
BRDA:538,84,1,2
BRDA:539,85,0,22
BRDA:539,85,1,0
BRDA:540,86,0,22
BRDA:540,86,1,22
BRDA:541,87,0,22
BRDA:541,87,1,22
BRDA:542,88,0,0
BRDA:542,88,1,22
BRDA:542,89,0,0
BRDA:542,89,1,0
BRDA:543,90,0,0
BRDA:543,90,1,22
BRDA:543,91,0,0
BRDA:543,91,1,0
BRDA:561,92,0,0
BRDA:561,92,1,0
BRDA:567,93,0,0
BRDA:567,93,1,0
BRF:195
BRH:91
end_of_record
TN:
SF:main\src\main\App.tsx
FN:10,App
FNF:1
FNH:0
FNDA:0,App
DA:1,0
DA:2,0
DA:3,0
DA:4,0
DA:5,0
DA:6,0
DA:7,0
DA:11,0
DA:74,0
LF:9
LH:0
BRF:0
BRH:0
end_of_record
TN:
SF:main\src\main\pages\MarketingHome.tsx
FN:3,(anonymous_0)
FNF:1
FNH:0
FNDA:0,(anonymous_0)
DA:3,0
DA:4,0
LF:2
LH:0
BRF:0
BRH:0
end_of_record
TN:
SF:main\src\pages\MarketingHome.tsx
FN:3,(anonymous_0)
FNF:1
FNH:0
FNDA:0,(anonymous_0)
DA:3,0
DA:4,0
LF:2
LH:0
BRF:0
BRH:0
end_of_record
TN:
SF:main\src\pages\AdminDashboard\BulkDeleteModal.tsx
FN:9,(anonymous_0)
FNF:1
FNH:0
FNDA:0,(anonymous_0)
DA:9,0
DA:14,0
LF:2
LH:0
BRDA:48,0,0,0
BRDA:48,0,1,0
BRF:2
BRH:0
end_of_record
TN:
SF:main\src\pages\AdminDashboard\ImportCsv\download.ts
FN:3,downloadErrorsCsv
FN:12,(anonymous_1)
FNF:2
FNH:0
FNDA:0,downloadErrorsCsv
FNDA:0,(anonymous_1)
DA:3,0
DA:4,0
DA:5,0
DA:9,0
DA:10,0
DA:12,0
DA:23,0
DA:24,0
DA:26,0
DA:27,0
DA:28,0
DA:29,0
DA:30,0
DA:31,0
DA:32,0
DA:33,0
LF:16
LH:0
BRDA:4,0,0,0
BRDA:4,0,1,0
BRDA:17,1,0,0
BRDA:17,1,1,0
BRDA:18,2,0,0
BRDA:18,2,1,0
BRDA:26,3,0,0
BRDA:26,3,1,0
BRF:8
BRH:0
end_of_record
TN:
SF:main\src\pages\AdminDashboard\ImportCsv\parseCsv.ts
FN:6,validateHeaders
FN:7,(anonymous_2)
FN:8,(anonymous_3)
FN:12,(anonymous_4)
FN:27,parseCsvFile
FN:28,(anonymous_6)
FN:33,(anonymous_7)
FN:35,(anonymous_8)
FN:46,(anonymous_9)
FN:51,(anonymous_10)
FN:64,(anonymous_11)
FN:87,(anonymous_12)
FNF:12
FNH:0
FNDA:0,validateHeaders
FNDA:0,(anonymous_2)
FNDA:0,(anonymous_3)
FNDA:0,(anonymous_4)
FNDA:0,parseCsvFile
FNDA:0,(anonymous_6)
FNDA:0,(anonymous_7)
FNDA:0,(anonymous_8)
FNDA:0,(anonymous_9)
FNDA:0,(anonymous_10)
FNDA:0,(anonymous_11)
FNDA:0,(anonymous_12)
DA:1,0
DA:4,0
DA:6,0
DA:7,0
DA:8,0
DA:9,0
DA:12,0
DA:20,0
DA:27,0
DA:28,0
DA:29,0
DA:34,0
DA:35,0
DA:36,0
DA:39,0
DA:40,0
DA:41,0
DA:43,0
DA:44,0
DA:46,0
DA:48,0
DA:51,0
DA:52,0
DA:55,0
DA:58,0
DA:64,0
DA:65,0
DA:66,0
DA:67,0
DA:72,0
DA:73,0
DA:77,0
DA:79,0
DA:82,0
DA:88,0
LF:35
LH:0
BRDA:34,0,0,0
BRDA:34,0,1,0
BRDA:39,1,0,0
BRDA:39,1,1,0
BRDA:43,2,0,0
BRDA:43,2,1,0
BRDA:66,3,0,0
BRDA:66,3,1,0
BRDA:72,4,0,0
BRDA:72,4,1,0
BRDA:73,5,0,0
BRDA:73,5,1,0
BRDA:73,6,0,0
BRDA:73,6,1,0
BRF:14
BRH:0
end_of_record
TN:
SF:main\src\pages\AdminDashboard\ImportCsv\validation.ts
FN:5,validateRequired
FN:12,validateName
FN:22,validateDate
FN:43,validateTime
FN:68,validateSurface
FN:76,validateDistance
FN:103,validateKidRun
FN:111,validateUrl
FN:122,validateId
FN:136,validateBackendCompatibility
FN:255,validateLatitude
FN:268,validateLongitude
FN:282,parseDistances
FN:287,(anonymous_13)
FN:288,(anonymous_14)
FN:289,(anonymous_15)
FN:312,parseKidRun
FN:319,parseNumber
FN:327,validateCsvRow
FN:448,(anonymous_19)
FN:527,normalizeCsvRow
FN:548,validateAndTransform
FN:557,(anonymous_22)
FN:568,(anonymous_23)
FN:590,(anonymous_24)
FNF:25
FNH:16
FNDA:115,validateRequired
FNDA:23,validateName
FNDA:23,validateDate
FNDA:23,validateTime
FNDA:23,validateSurface
FNDA:108,validateDistance
FNDA:23,validateKidRun
FNDA:0,validateUrl
FNDA:0,validateId
FNDA:4,validateBackendCompatibility
FNDA:0,validateLatitude
FNDA:0,validateLongitude
FNDA:84,parseDistances
FNDA:153,(anonymous_13)
FNDA:153,(anonymous_14)
FNDA:149,(anonymous_15)
FNDA:22,parseKidRun
FNDA:0,parseNumber
FNDA:23,validateCsvRow
FNDA:45,(anonymous_19)
FNDA:22,normalizeCsvRow
FNDA:0,validateAndTransform
FNDA:0,(anonymous_22)
FNDA:0,(anonymous_23)
FNDA:0,(anonymous_24)
DA:5,2
DA:6,115
DA:7,0
DA:9,115
DA:12,2
DA:13,23
DA:14,0
DA:16,23
DA:17,0
DA:19,23
DA:22,2
DA:24,23
DA:25,23
DA:26,0
DA:30,23
DA:31,23
DA:33,23
DA:34,0
DA:37,0
DA:40,23
DA:43,2
DA:45,23
DA:46,23
DA:47,0
DA:51,23
DA:53,23
DA:54,23
DA:55,23
DA:58,23
DA:59,0
DA:62,0
DA:65,23
DA:68,2
DA:69,23
DA:70,23
DA:71,0
DA:73,23
DA:76,2
DA:78,108
DA:95,108
DA:96,108
DA:97,11
DA:100,97
DA:103,2
DA:104,23
DA:105,23
DA:106,0
DA:108,23
DA:111,2
DA:112,0
DA:114,0
DA:115,0
DA:116,0
DA:118,0
DA:122,2
DA:123,0
DA:125,0
DA:126,0
DA:127,0
DA:129,0
DA:130,0
DA:132,0
DA:136,2
DA:137,4
DA:140,4
DA:141,1
DA:151,4
DA:152,4
DA:153,4
DA:154,4
DA:155,1
DA:164,0
DA:175,4
DA:176,4
DA:177,4
DA:178,4
DA:179,1
DA:188,0
DA:199,4
DA:200,0
DA:210,4
DA:211,0
DA:221,4
DA:222,0
DA:232,4
DA:233,0
DA:242,4
DA:243,0
DA:252,4
DA:255,2
DA:256,0
DA:258,0
DA:259,0
DA:260,0
DA:262,0
DA:263,0
DA:265,0
DA:268,2
DA:269,0
DA:271,0
DA:272,0
DA:273,0
DA:275,0
DA:276,0
DA:278,0
DA:282,2
DA:283,84
DA:285,81
DA:287,153
DA:288,153
DA:291,149
DA:308,149
DA:312,2
DA:313,22
DA:315,22
DA:316,22
DA:319,2
DA:320,0
DA:322,0
DA:323,0
DA:327,2
DA:328,23
DA:331,23
DA:332,23
DA:333,0
DA:341,23
DA:342,23
DA:343,0
DA:351,23
DA:352,23
DA:353,0
DA:361,23
DA:362,23
DA:363,0
DA:371,23
DA:372,23
DA:373,0
DA:382,23
DA:383,0
DA:384,0
DA:385,0
DA:395,23
DA:396,23
DA:397,23
DA:398,0
DA:407,23
DA:408,23
DA:409,23
DA:410,0
DA:419,23
DA:420,23
DA:421,23
DA:422,0
DA:431,23
DA:432,23
DA:433,23
DA:434,0
DA:443,23
DA:444,23
DA:445,23
DA:446,23
DA:448,23
DA:449,45
DA:450,45
DA:451,5
DA:453,45
DA:456,23
DA:457,5
DA:465,0
DA:466,0
DA:475,23
DA:476,23
DA:477,23
DA:478,0
DA:487,23
DA:488,0
DA:489,0
DA:490,0
DA:499,23
DA:500,0
DA:501,0
DA:502,0
DA:511,23
DA:512,0
DA:513,0
DA:514,0
DA:523,23
DA:527,2
DA:528,22
DA:548,2
DA:553,0
DA:554,0
DA:555,0
DA:557,0
DA:558,0
DA:559,0
DA:561,0
DA:562,0
DA:563,0
DA:566,0
DA:567,0
DA:568,0
DA:569,0
DA:571,0
DA:575,0
DA:579,0
DA:581,0
DA:590,0
DA:591,0
DA:602,0
LF:210
LH:119
BRDA:6,0,0,0
BRDA:6,0,1,115
BRDA:6,1,0,115
BRDA:6,1,1,115
BRDA:13,2,0,0
BRDA:13,2,1,23
BRDA:16,3,0,0
BRDA:16,3,1,23
BRDA:25,4,0,0
BRDA:25,4,1,23
BRDA:33,5,0,0
BRDA:33,5,1,23
BRDA:46,6,0,0
BRDA:46,6,1,23
BRDA:54,7,0,23
BRDA:54,7,1,23
BRDA:58,8,0,0
BRDA:58,8,1,23
BRDA:70,9,0,0
BRDA:70,9,1,23
BRDA:96,10,0,11
BRDA:96,10,1,97
BRDA:105,11,0,0
BRDA:105,11,1,23
BRDA:112,12,0,0
BRDA:112,12,1,0
BRDA:123,13,0,0
BRDA:123,13,1,0
BRDA:126,14,0,0
BRDA:126,14,1,0
BRDA:129,15,0,0
BRDA:129,15,1,0
BRDA:140,16,0,1
BRDA:140,16,1,3
BRDA:140,17,0,4
BRDA:140,17,1,3
BRDA:146,18,0,1
BRDA:146,18,1,1
BRDA:151,19,0,4
BRDA:151,19,1,0
BRDA:154,20,0,1
BRDA:154,20,1,3
BRDA:175,21,0,4
BRDA:175,21,1,0
BRDA:178,22,0,1
BRDA:178,22,1,3
BRDA:178,23,0,4
BRDA:178,23,1,4
BRDA:178,23,2,4
BRDA:178,23,3,4
BRDA:178,23,4,3
BRDA:178,23,5,3
BRDA:199,24,0,0
BRDA:199,24,1,4
BRDA:199,25,0,4
BRDA:199,25,1,4
BRDA:210,26,0,0
BRDA:210,26,1,4
BRDA:210,27,0,4
BRDA:210,27,1,4
BRDA:221,28,0,0
BRDA:221,28,1,4
BRDA:232,29,0,0
BRDA:232,29,1,4
BRDA:232,30,0,4
BRDA:232,30,1,0
BRDA:232,30,2,0
BRDA:242,31,0,0
BRDA:242,31,1,4
BRDA:242,32,0,4
BRDA:242,32,1,0
BRDA:242,32,2,0
BRDA:256,33,0,0
BRDA:256,33,1,0
BRDA:259,34,0,0
BRDA:259,34,1,0
BRDA:262,35,0,0
BRDA:262,35,1,0
BRDA:262,36,0,0
BRDA:262,36,1,0
BRDA:269,37,0,0
BRDA:269,37,1,0
BRDA:272,38,0,0
BRDA:272,38,1,0
BRDA:275,39,0,0
BRDA:275,39,1,0
BRDA:275,40,0,0
BRDA:275,40,1,0
BRDA:283,41,0,3
BRDA:283,41,1,81
BRDA:308,42,0,149
BRDA:308,42,1,8
BRDA:313,43,0,0
BRDA:313,43,1,22
BRDA:316,44,0,22
BRDA:316,44,1,19
BRDA:316,44,2,19
BRDA:320,45,0,0
BRDA:320,45,1,0
BRDA:323,46,0,0
BRDA:323,46,1,0
BRDA:332,47,0,0
BRDA:332,47,1,23
BRDA:337,48,0,0
BRDA:337,48,1,0
BRDA:342,49,0,0
BRDA:342,49,1,23
BRDA:347,50,0,0
BRDA:347,50,1,0
BRDA:352,51,0,0
BRDA:352,51,1,23
BRDA:357,52,0,0
BRDA:357,52,1,0
BRDA:362,53,0,0
BRDA:362,53,1,23
BRDA:367,54,0,0
BRDA:367,54,1,0
BRDA:372,55,0,0
BRDA:372,55,1,23
BRDA:377,56,0,0
BRDA:377,56,1,0
BRDA:382,57,0,0
BRDA:382,57,1,23
BRDA:384,58,0,0
BRDA:384,58,1,0
BRDA:395,59,0,23
BRDA:395,59,1,0
BRDA:397,60,0,0
BRDA:397,60,1,23
BRDA:407,61,0,23
BRDA:407,61,1,0
BRDA:409,62,0,0
BRDA:409,62,1,23
BRDA:419,63,0,23
BRDA:419,63,1,0
BRDA:421,64,0,0
BRDA:421,64,1,23
BRDA:431,65,0,23
BRDA:431,65,1,0
BRDA:433,66,0,0
BRDA:433,66,1,23
BRDA:443,67,0,23
BRDA:443,67,1,0
BRDA:450,68,0,5
BRDA:450,68,1,40
BRDA:456,69,0,5
BRDA:456,69,1,18
BRDA:475,70,0,23
BRDA:475,70,1,0
BRDA:477,71,0,0
BRDA:477,71,1,23
BRDA:487,72,0,0
BRDA:487,72,1,23
BRDA:489,73,0,0
BRDA:489,73,1,0
BRDA:499,74,0,0
BRDA:499,74,1,23
BRDA:501,75,0,0
BRDA:501,75,1,0
BRDA:511,76,0,0
BRDA:511,76,1,23
BRDA:513,77,0,0
BRDA:513,77,1,0
BRDA:529,78,0,0
BRDA:529,78,1,22
BRDA:530,79,0,22
BRDA:530,79,1,0
BRDA:531,80,0,22
BRDA:531,80,1,0
BRDA:534,81,0,22
BRDA:534,81,1,0
BRDA:535,82,0,22
BRDA:535,82,1,0
BRDA:537,83,0,22
BRDA:537,83,1,0
BRDA:538,84,0,22
BRDA:538,84,1,2
BRDA:539,85,0,22
BRDA:539,85,1,0
BRDA:540,86,0,22
BRDA:540,86,1,22
BRDA:541,87,0,22
BRDA:541,87,1,22
BRDA:542,88,0,0
BRDA:542,88,1,22
BRDA:542,89,0,0
BRDA:542,89,1,0
BRDA:543,90,0,0
BRDA:543,90,1,22
BRDA:543,91,0,0
BRDA:543,91,1,0
BRDA:561,92,0,0
BRDA:561,92,1,0
BRDA:567,93,0,0
BRDA:567,93,1,0
BRF:195
BRH:91
end_of_record
TN:
SF:shared\components\Alert.tsx
FN:10,(anonymous_0)
FN:81,(anonymous_1)
FN:84,(anonymous_2)
FNF:3
FNH:0
FNDA:0,(anonymous_0)
FNDA:0,(anonymous_1)
FNDA:0,(anonymous_2)
DA:10,0
DA:16,0
DA:18,0
DA:45,0
DA:47,0
DA:82,0
DA:85,0
LF:7
LH:0
BRDA:14,0,0,0
BRDA:16,1,0,0
BRDA:16,1,1,0
BRDA:66,2,0,0
BRDA:66,2,1,0
BRF:5
BRH:0
end_of_record
TN:
SF:shared\components\Loading.tsx
FN:8,(anonymous_0)
FNF:1
FNH:0
FNDA:0,(anonymous_0)
DA:8,0
DA:12,0
DA:18,0
LF:3
LH:0
BRDA:9,0,0,0
BRDA:10,1,0,0
BRF:2
BRH:0
end_of_record
TN:
SF:shared\components\RaceForm.tsx
FN:70,(anonymous_0)
FN:82,(anonymous_1)
FN:91,(anonymous_2)
FN:92,(anonymous_3)
FN:94,(anonymous_4)
FN:98,(anonymous_5)
FN:99,(anonymous_6)
FN:102,(anonymous_7)
FN:107,(anonymous_8)
FN:128,(anonymous_9)
FN:134,(anonymous_10)
FN:146,(anonymous_11)
FN:170,(anonymous_12)
FN:189,(anonymous_13)
FN:190,(anonymous_14)
FN:206,(anonymous_15)
FN:219,(anonymous_16)
FN:225,(anonymous_17)
FN:243,(anonymous_18)
FN:253,(anonymous_19)
FN:259,(anonymous_20)
FN:277,(anonymous_21)
FN:287,(anonymous_22)
FN:293,(anonymous_23)
FN:312,(anonymous_24)
FN:322,(anonymous_25)
FN:326,(anonymous_26)
FN:349,(anonymous_27)
FN:356,(anonymous_28)
FN:377,(anonymous_29)
FN:388,(anonymous_30)
FN:394,(anonymous_31)
FN:412,(anonymous_32)
FN:423,(anonymous_33)
FN:429,(anonymous_34)
FN:447,(anonymous_35)
FN:457,(anonymous_36)
FN:461,(anonymous_37)
FN:478,(anonymous_38)
FN:489,(anonymous_39)
FN:495,(anonymous_40)
FN:502,(anonymous_41)
FN:529,(anonymous_42)
FN:572,(anonymous_43)
FN:585,(anonymous_44)
FN:614,(anonymous_45)
FN:624,(anonymous_46)
FN:628,(anonymous_47)
FN:649,(anonymous_48)
FN:660,(anonymous_49)
FN:666,(anonymous_50)
FN:683,(anonymous_51)
FN:694,(anonymous_52)
FN:700,(anonymous_53)
FN:721,(anonymous_54)
FN:731,(anonymous_55)
FN:735,(anonymous_56)
FN:768,(anonymous_57)
FN:773,(anonymous_58)
FN:797,(anonymous_59)
FN:803,(anonymous_60)
FNF:61
FNH:0
FNDA:0,(anonymous_0)
FNDA:0,(anonymous_1)
FNDA:0,(anonymous_2)
FNDA:0,(anonymous_3)
FNDA:0,(anonymous_4)
FNDA:0,(anonymous_5)
FNDA:0,(anonymous_6)
FNDA:0,(anonymous_7)
FNDA:0,(anonymous_8)
FNDA:0,(anonymous_9)
FNDA:0,(anonymous_10)
FNDA:0,(anonymous_11)
FNDA:0,(anonymous_12)
FNDA:0,(anonymous_13)
FNDA:0,(anonymous_14)
FNDA:0,(anonymous_15)
FNDA:0,(anonymous_16)
FNDA:0,(anonymous_17)
FNDA:0,(anonymous_18)
FNDA:0,(anonymous_19)
FNDA:0,(anonymous_20)
FNDA:0,(anonymous_21)
FNDA:0,(anonymous_22)
FNDA:0,(anonymous_23)
FNDA:0,(anonymous_24)
FNDA:0,(anonymous_25)
FNDA:0,(anonymous_26)
FNDA:0,(anonymous_27)
FNDA:0,(anonymous_28)
FNDA:0,(anonymous_29)
FNDA:0,(anonymous_30)
FNDA:0,(anonymous_31)
FNDA:0,(anonymous_32)
FNDA:0,(anonymous_33)
FNDA:0,(anonymous_34)
FNDA:0,(anonymous_35)
FNDA:0,(anonymous_36)
FNDA:0,(anonymous_37)
FNDA:0,(anonymous_38)
FNDA:0,(anonymous_39)
FNDA:0,(anonymous_40)
FNDA:0,(anonymous_41)
FNDA:0,(anonymous_42)
FNDA:0,(anonymous_43)
FNDA:0,(anonymous_44)
FNDA:0,(anonymous_45)
FNDA:0,(anonymous_46)
FNDA:0,(anonymous_47)
FNDA:0,(anonymous_48)
FNDA:0,(anonymous_49)
FNDA:0,(anonymous_50)
FNDA:0,(anonymous_51)
FNDA:0,(anonymous_52)
FNDA:0,(anonymous_53)
FNDA:0,(anonymous_54)
FNDA:0,(anonymous_55)
FNDA:0,(anonymous_56)
FNDA:0,(anonymous_57)
FNDA:0,(anonymous_58)
FNDA:0,(anonymous_59)
FNDA:0,(anonymous_60)
DA:1,0
DA:4,0
DA:40,0
DA:41,0
DA:44,0
DA:53,0
DA:70,0
DA:77,0
DA:78,0
DA:79,0
DA:82,0
DA:83,0
DA:84,0
DA:91,0
DA:92,0
DA:93,0
DA:94,0
DA:98,0
DA:99,0
DA:102,0
DA:107,0
DA:108,0
DA:109,0
DA:110,0
DA:113,0
DA:114,0
DA:115,0
DA:116,0
DA:120,0
DA:121,0
DA:124,0
DA:126,0
DA:127,0
DA:128,0
DA:134,0
DA:136,0
DA:139,0
DA:140,0
DA:142,0
DA:146,0
DA:147,0
DA:149,0
DA:150,0
DA:151,0
DA:152,0
DA:153,0
DA:154,0
DA:155,0
DA:156,0
DA:159,0
DA:160,0
DA:162,0
DA:163,0
DA:166,0
DA:167,0
DA:170,0
DA:171,0
DA:173,0
DA:174,0
DA:178,0
DA:183,0
DA:185,0
DA:189,0
DA:190,0
DA:192,0
DA:206,0
DA:220,0
DA:221,0
DA:222,0
DA:226,0
DA:227,0
DA:228,0
DA:243,0
DA:254,0
DA:255,0
DA:256,0
DA:260,0
DA:261,0
DA:262,0
DA:277,0
DA:288,0
DA:289,0
DA:290,0
DA:294,0
DA:295,0
DA:296,0
DA:312,0
DA:323,0
DA:324,0
DA:327,0
DA:328,0
DA:350,0
DA:351,0
DA:352,0
DA:353,0
DA:357,0
DA:358,0
DA:359,0
DA:360,0
DA:377,0
DA:389,0
DA:390,0
DA:391,0
DA:395,0
DA:396,0
DA:397,0
DA:412,0
DA:424,0
DA:425,0
DA:426,0
DA:430,0
DA:431,0
DA:432,0
DA:447,0
DA:458,0
DA:459,0
DA:462,0
DA:463,0
DA:478,0
DA:490,0
DA:491,0
DA:492,0
DA:496,0
DA:497,0
DA:498,0
DA:503,0
DA:529,0
DA:573,0
DA:585,0
DA:614,0
DA:625,0
DA:626,0
DA:629,0
DA:630,0
DA:649,0
DA:661,0
DA:662,0
DA:663,0
DA:667,0
DA:668,0
DA:669,0
DA:683,0
DA:695,0
DA:696,0
DA:697,0
DA:701,0
DA:702,0
DA:703,0
DA:721,0
DA:732,0
DA:733,0
DA:736,0
DA:737,0
DA:769,0
DA:770,0
DA:771,0
DA:774,0
DA:775,0
DA:776,0
DA:798,0
DA:799,0
DA:800,0
DA:804,0
DA:805,0
DA:806,0
LF:165
LH:0
BRDA:75,0,0,0
BRDA:83,1,0,0
BRDA:83,1,1,0
BRDA:93,2,0,0
BRDA:93,2,1,0
BRDA:101,3,0,0
BRDA:101,3,1,0
BRDA:101,4,0,0
BRDA:101,4,1,0
BRDA:102,5,0,0
BRDA:102,5,1,0
BRDA:103,6,0,0
BRDA:103,6,1,0
BRDA:108,7,0,0
BRDA:108,7,1,0
BRDA:108,8,0,0
BRDA:108,8,1,0
BRDA:108,8,2,0
BRDA:115,9,0,0
BRDA:115,9,1,0
BRDA:120,10,0,0
BRDA:120,10,1,0
BRDA:126,11,0,0
BRDA:126,11,1,0
BRDA:126,12,0,0
BRDA:126,12,1,0
BRDA:149,13,0,0
BRDA:149,13,1,0
BRDA:150,14,0,0
BRDA:150,14,1,0
BRDA:151,15,0,0
BRDA:151,15,1,0
BRDA:152,16,0,0
BRDA:152,16,1,0
BRDA:153,17,0,0
BRDA:153,17,1,0
BRDA:154,18,0,0
BRDA:154,18,1,0
BRDA:155,19,0,0
BRDA:155,19,1,0
BRDA:155,20,0,0
BRDA:155,20,1,0
BRDA:159,21,0,0
BRDA:159,21,1,0
BRDA:159,22,0,0
BRDA:159,22,1,0
BRDA:159,22,2,0
BRDA:159,22,3,0
BRDA:162,23,0,0
BRDA:162,23,1,0
BRDA:162,24,0,0
BRDA:162,24,1,0
BRDA:162,24,2,0
BRDA:162,24,3,0
BRDA:173,25,0,0
BRDA:173,25,1,0
BRDA:180,26,0,0
BRDA:180,26,1,0
BRDA:189,27,0,0
BRDA:189,27,1,0
BRDA:189,28,0,0
BRDA:189,28,1,0
BRDA:189,29,0,0
BRDA:189,29,1,0
BRDA:190,30,0,0
BRDA:190,30,1,0
BRDA:210,31,0,0
BRDA:210,31,1,0
BRDA:214,32,0,0
BRDA:214,32,1,0
BRDA:220,33,0,0
BRDA:220,33,1,0
BRDA:226,34,0,0
BRDA:226,34,1,0
BRDA:232,35,0,0
BRDA:232,35,1,0
BRDA:247,36,0,0
BRDA:247,36,1,0
BRDA:251,37,0,0
BRDA:251,37,1,0
BRDA:254,38,0,0
BRDA:254,38,1,0
BRDA:260,39,0,0
BRDA:260,39,1,0
BRDA:266,40,0,0
BRDA:266,40,1,0
BRDA:281,41,0,0
BRDA:281,41,1,0
BRDA:285,42,0,0
BRDA:285,42,1,0
BRDA:288,43,0,0
BRDA:288,43,1,0
BRDA:294,44,0,0
BRDA:294,44,1,0
BRDA:300,45,0,0
BRDA:300,45,1,0
BRDA:339,46,0,0
BRDA:339,46,1,0
BRDA:341,47,0,0
BRDA:341,47,1,0
BRDA:347,48,0,0
BRDA:347,48,1,0
BRDA:350,49,0,0
BRDA:350,49,1,0
BRDA:357,50,0,0
BRDA:357,50,1,0
BRDA:364,51,0,0
BRDA:364,51,1,0
BRDA:381,52,0,0
BRDA:381,52,1,0
BRDA:385,53,0,0
BRDA:385,53,1,0
BRDA:389,54,0,0
BRDA:389,54,1,0
BRDA:395,55,0,0
BRDA:395,55,1,0
BRDA:401,56,0,0
BRDA:401,56,1,0
BRDA:416,57,0,0
BRDA:416,57,1,0
BRDA:420,58,0,0
BRDA:420,58,1,0
BRDA:424,59,0,0
BRDA:424,59,1,0
BRDA:430,60,0,0
BRDA:430,60,1,0
BRDA:436,61,0,0
BRDA:436,61,1,0
BRDA:482,62,0,0
BRDA:482,62,1,0
BRDA:486,63,0,0
BRDA:486,63,1,0
BRDA:490,64,0,0
BRDA:490,64,1,0
BRDA:496,65,0,0
BRDA:496,65,1,0
BRDA:508,66,0,0
BRDA:508,66,1,0
BRDA:584,67,0,0
BRDA:584,67,1,0
BRDA:603,68,0,0
BRDA:603,68,1,0
BRDA:648,69,0,0
BRDA:648,69,1,0
BRDA:649,70,0,0
BRDA:649,70,1,0
BRDA:653,71,0,0
BRDA:653,71,1,0
BRDA:657,72,0,0
BRDA:657,72,1,0
BRDA:661,73,0,0
BRDA:661,73,1,0
BRDA:667,74,0,0
BRDA:667,74,1,0
BRDA:673,75,0,0
BRDA:673,75,1,0
BRDA:682,76,0,0
BRDA:682,76,1,0
BRDA:683,77,0,0
BRDA:683,77,1,0
BRDA:687,78,0,0
BRDA:687,78,1,0
BRDA:691,79,0,0
BRDA:691,79,1,0
BRDA:695,80,0,0
BRDA:695,80,1,0
BRDA:701,81,0,0
BRDA:701,81,1,0
BRDA:707,82,0,0
BRDA:707,82,1,0
BRDA:788,83,0,0
BRDA:788,83,1,0
BRDA:790,84,0,0
BRDA:790,84,1,0
BRDA:795,85,0,0
BRDA:795,85,1,0
BRDA:798,86,0,0
BRDA:798,86,1,0
BRDA:804,87,0,0
BRDA:804,87,1,0
BRF:180
BRH:0
end_of_record
TN:
SF:shared\utils\formatting.ts
FN:2,(anonymous_0)
FNF:1
FNH:0
FNDA:0,(anonymous_0)
DA:2,0
DA:3,0
DA:4,0
LF:3
LH:0
BRDA:3,0,0,0
BRDA:3,0,1,0
BRF:2
BRH:0
end_of_record
