TN:
SF:src\App.tsx
FN:9,App
FNF:1
FNH:0
FNDA:0,App
DA:1,0
DA:2,0
DA:3,0
DA:4,0
DA:5,0
DA:6,0
DA:10,0
DA:72,0
LF:8
LH:0
BRF:0
BRH:0
end_of_record
TN:
SF:src\components\Alert.tsx
FN:8,(anonymous_0)
FN:9,(anonymous_1)
FN:34,(anonymous_2)
FNF:3
FNH:0
FNDA:0,(anonymous_0)
FNDA:0,(anonymous_1)
FNDA:0,(anonymous_2)
DA:8,0
DA:9,0
DA:10,0
DA:12,0
DA:18,0
DA:24,0
DA:30,0
DA:34,0
DA:35,0
DA:37,0
DA:39,0
DA:41,0
DA:43,0
DA:47,0
LF:14
LH:0
BRDA:10,0,0,0
BRDA:10,0,1,0
BRDA:10,0,2,0
BRDA:10,0,3,0
BRDA:35,1,0,0
BRDA:35,1,1,0
BRDA:35,1,2,0
BRDA:35,1,3,0
BRF:8
BRH:0
end_of_record
TN:
SF:src\components\Loading.tsx
FN:3,(anonymous_0)
FNF:1
FNH:0
FNDA:0,(anonymous_0)
DA:3,0
DA:4,0
LF:2
LH:0
BRF:0
BRH:0
end_of_record
TN:
SF:src\components\RaceCard.tsx
FN:12,(anonymous_0)
FN:122,(anonymous_1)
FN:138,(anonymous_2)
FNF:3
FNH:0
FNDA:0,(anonymous_0)
FNDA:0,(anonymous_1)
FNDA:0,(anonymous_2)
DA:3,0
DA:12,0
DA:13,0
DA:21,0
DA:29,0
DA:37,0
DA:122,0
DA:138,0
LF:8
LH:0
BRDA:12,0,0,0
BRDA:55,1,0,0
BRDA:55,1,1,0
BRDA:58,2,0,0
BRDA:58,2,1,0
BRDA:59,3,0,0
BRDA:59,3,1,0
BRDA:64,4,0,0
BRDA:64,4,1,0
BRDA:67,5,0,0
BRDA:67,5,1,0
BRDA:70,6,0,0
BRDA:70,6,1,0
BRDA:79,7,0,0
BRDA:79,7,1,0
BRDA:82,8,0,0
BRDA:82,8,1,0
BRDA:90,9,0,0
BRDA:90,9,1,0
BRDA:93,10,0,0
BRDA:93,10,1,0
BRDA:94,11,0,0
BRDA:94,11,1,0
BRDA:99,12,0,0
BRDA:99,12,1,0
BRDA:102,13,0,0
BRDA:102,13,1,0
BRDA:105,14,0,0
BRDA:105,14,1,0
BRDA:118,15,0,0
BRDA:118,15,1,0
BRDA:120,16,0,0
BRDA:120,16,1,0
BRDA:136,17,0,0
BRDA:136,17,1,0
BRF:35
BRH:0
end_of_record
TN:
SF:src\components\RaceForm.tsx
FN:49,(anonymous_7)
FN:61,(anonymous_8)
FN:67,(anonymous_9)
FN:83,(anonymous_10)
FN:84,(anonymous_11)
FN:86,(anonymous_12)
FN:90,(anonymous_13)
FN:91,(anonymous_14)
FN:94,(anonymous_15)
FN:99,(anonymous_16)
FN:99,(anonymous_17)
FN:120,(anonymous_18)
FN:126,(anonymous_19)
FN:138,(anonymous_20)
FN:162,(anonymous_21)
FN:162,(anonymous_22)
FN:173,(anonymous_23)
FN:174,(anonymous_24)
FN:188,(anonymous_25)
FN:199,(anonymous_26)
FN:205,(anonymous_27)
FN:223,(anonymous_28)
FN:233,(anonymous_29)
FN:239,(anonymous_30)
FN:257,(anonymous_31)
FN:267,(anonymous_32)
FN:273,(anonymous_33)
FN:292,(anonymous_34)
FN:302,(anonymous_35)
FN:306,(anonymous_36)
FN:329,(anonymous_37)
FN:336,(anonymous_38)
FN:357,(anonymous_39)
FN:368,(anonymous_40)
FN:374,(anonymous_41)
FN:392,(anonymous_42)
FN:403,(anonymous_43)
FN:409,(anonymous_44)
FN:427,(anonymous_45)
FN:437,(anonymous_46)
FN:441,(anonymous_47)
FN:458,(anonymous_48)
FN:469,(anonymous_49)
FN:475,(anonymous_50)
FN:482,(anonymous_51)
FN:509,(anonymous_52)
FN:552,(anonymous_53)
FN:565,(anonymous_54)
FN:594,(anonymous_55)
FN:604,(anonymous_56)
FN:608,(anonymous_57)
FN:629,(anonymous_58)
FN:640,(anonymous_59)
FN:646,(anonymous_60)
FN:663,(anonymous_61)
FN:674,(anonymous_62)
FN:680,(anonymous_63)
FN:701,(anonymous_64)
FN:711,(anonymous_65)
FN:715,(anonymous_66)
FN:748,(anonymous_67)
FN:753,(anonymous_68)
FN:777,(anonymous_69)
FN:783,(anonymous_70)
FNF:64
FNH:0
FNDA:0,(anonymous_7)
FNDA:0,(anonymous_8)
FNDA:0,(anonymous_9)
FNDA:0,(anonymous_10)
FNDA:0,(anonymous_11)
FNDA:0,(anonymous_12)
FNDA:0,(anonymous_13)
FNDA:0,(anonymous_14)
FNDA:0,(anonymous_15)
FNDA:0,(anonymous_16)
FNDA:0,(anonymous_17)
FNDA:0,(anonymous_18)
FNDA:0,(anonymous_19)
FNDA:0,(anonymous_20)
FNDA:0,(anonymous_21)
FNDA:0,(anonymous_22)
FNDA:0,(anonymous_23)
FNDA:0,(anonymous_24)
FNDA:0,(anonymous_25)
FNDA:0,(anonymous_26)
FNDA:0,(anonymous_27)
FNDA:0,(anonymous_28)
FNDA:0,(anonymous_29)
FNDA:0,(anonymous_30)
FNDA:0,(anonymous_31)
FNDA:0,(anonymous_32)
FNDA:0,(anonymous_33)
FNDA:0,(anonymous_34)
FNDA:0,(anonymous_35)
FNDA:0,(anonymous_36)
FNDA:0,(anonymous_37)
FNDA:0,(anonymous_38)
FNDA:0,(anonymous_39)
FNDA:0,(anonymous_40)
FNDA:0,(anonymous_41)
FNDA:0,(anonymous_42)
FNDA:0,(anonymous_43)
FNDA:0,(anonymous_44)
FNDA:0,(anonymous_45)
FNDA:0,(anonymous_46)
FNDA:0,(anonymous_47)
FNDA:0,(anonymous_48)
FNDA:0,(anonymous_49)
FNDA:0,(anonymous_50)
FNDA:0,(anonymous_51)
FNDA:0,(anonymous_52)
FNDA:0,(anonymous_53)
FNDA:0,(anonymous_54)
FNDA:0,(anonymous_55)
FNDA:0,(anonymous_56)
FNDA:0,(anonymous_57)
FNDA:0,(anonymous_58)
FNDA:0,(anonymous_59)
FNDA:0,(anonymous_60)
FNDA:0,(anonymous_61)
FNDA:0,(anonymous_62)
FNDA:0,(anonymous_63)
FNDA:0,(anonymous_64)
FNDA:0,(anonymous_65)
FNDA:0,(anonymous_66)
FNDA:0,(anonymous_67)
FNDA:0,(anonymous_68)
FNDA:0,(anonymous_69)
FNDA:0,(anonymous_70)
DA:1,0
DA:29,0
DA:30,0
DA:32,0
DA:49,0
DA:56,0
DA:57,0
DA:58,0
DA:61,0
DA:62,0
DA:63,0
DA:68,0
DA:77,0
DA:83,0
DA:84,0
DA:85,0
DA:86,0
DA:90,0
DA:91,0
DA:94,0
DA:99,0
DA:100,0
DA:101,0
DA:102,0
DA:105,0
DA:106,0
DA:107,0
DA:108,0
DA:112,0
DA:113,0
DA:116,0
DA:118,0
DA:119,0
DA:120,0
DA:126,0
DA:128,0
DA:131,0
DA:132,0
DA:134,0
DA:138,0
DA:139,0
DA:141,0
DA:142,0
DA:143,0
DA:144,0
DA:145,0
DA:146,0
DA:147,0
DA:148,0
DA:151,0
DA:152,0
DA:154,0
DA:155,0
DA:158,0
DA:159,0
DA:162,0
DA:163,0
DA:165,0
DA:166,0
DA:169,0
DA:173,0
DA:174,0
DA:176,0
DA:188,0
DA:200,0
DA:201,0
DA:202,0
DA:206,0
DA:207,0
DA:208,0
DA:223,0
DA:234,0
DA:235,0
DA:236,0
DA:240,0
DA:241,0
DA:242,0
DA:257,0
DA:268,0
DA:269,0
DA:270,0
DA:274,0
DA:275,0
DA:276,0
DA:292,0
DA:303,0
DA:304,0
DA:307,0
DA:308,0
DA:330,0
DA:331,0
DA:332,0
DA:333,0
DA:337,0
DA:338,0
DA:339,0
DA:340,0
DA:357,0
DA:369,0
DA:370,0
DA:371,0
DA:375,0
DA:376,0
DA:377,0
DA:392,0
DA:404,0
DA:405,0
DA:406,0
DA:410,0
DA:411,0
DA:412,0
DA:427,0
DA:438,0
DA:439,0
DA:442,0
DA:443,0
DA:458,0
DA:470,0
DA:471,0
DA:472,0
DA:476,0
DA:477,0
DA:478,0
DA:483,0
DA:509,0
DA:553,0
DA:565,0
DA:594,0
DA:605,0
DA:606,0
DA:609,0
DA:610,0
DA:629,0
DA:641,0
DA:642,0
DA:643,0
DA:647,0
DA:648,0
DA:649,0
DA:663,0
DA:675,0
DA:676,0
DA:677,0
DA:681,0
DA:682,0
DA:683,0
DA:701,0
DA:712,0
DA:713,0
DA:716,0
DA:717,0
DA:749,0
DA:750,0
DA:751,0
DA:754,0
DA:755,0
DA:756,0
DA:778,0
DA:779,0
DA:780,0
DA:784,0
DA:785,0
DA:786,0
LF:163
LH:0
BRDA:54,0,0,0
BRDA:62,1,0,0
BRDA:62,1,1,0
BRDA:67,2,0,0
BRDA:67,2,1,0
BRDA:77,3,0,0
BRDA:77,3,1,0
BRDA:85,4,0,0
BRDA:85,4,1,0
BRDA:93,5,0,0
BRDA:93,5,1,0
BRDA:93,6,0,0
BRDA:93,6,1,0
BRDA:94,7,0,0
BRDA:94,7,1,0
BRDA:95,8,0,0
BRDA:95,8,1,0
BRDA:100,9,0,0
BRDA:100,9,1,0
BRDA:100,10,0,0
BRDA:100,10,1,0
BRDA:100,10,2,0
BRDA:100,11,0,0
BRDA:100,11,1,0
BRDA:100,12,0,0
BRDA:100,12,1,0
BRDA:100,13,0,0
BRDA:100,13,1,0
BRDA:100,14,0,0
BRDA:100,14,1,0
BRDA:100,15,0,0
BRDA:100,15,1,0
BRDA:100,16,0,0
BRDA:100,16,1,0
BRDA:107,17,0,0
BRDA:107,17,1,0
BRDA:112,18,0,0
BRDA:112,18,1,0
BRDA:118,19,0,0
BRDA:118,19,1,0
BRDA:118,20,0,0
BRDA:118,20,1,0
BRDA:141,21,0,0
BRDA:141,21,1,0
BRDA:142,22,0,0
BRDA:142,22,1,0
BRDA:143,23,0,0
BRDA:143,23,1,0
BRDA:144,24,0,0
BRDA:144,24,1,0
BRDA:144,25,0,0
BRDA:144,25,1,0
BRDA:144,26,0,0
BRDA:144,26,1,0
BRDA:145,27,0,0
BRDA:145,27,1,0
BRDA:145,28,0,0
BRDA:145,28,1,0
BRDA:145,29,0,0
BRDA:145,29,1,0
BRDA:146,30,0,0
BRDA:146,30,1,0
BRDA:147,31,0,0
BRDA:147,31,1,0
BRDA:147,32,0,0
BRDA:147,32,1,0
BRDA:151,33,0,0
BRDA:151,33,1,0
BRDA:151,34,0,0
BRDA:151,34,1,0
BRDA:151,34,2,0
BRDA:151,34,3,0
BRDA:154,35,0,0
BRDA:154,35,1,0
BRDA:154,36,0,0
BRDA:154,36,1,0
BRDA:154,36,2,0
BRDA:154,36,3,0
BRDA:165,37,0,0
BRDA:165,37,1,0
BRDA:173,38,0,0
BRDA:173,38,1,0
BRDA:173,39,0,0
BRDA:173,39,1,0
BRDA:173,40,0,0
BRDA:173,40,1,0
BRDA:174,41,0,0
BRDA:174,41,1,0
BRDA:192,42,0,0
BRDA:192,42,1,0
BRDA:196,43,0,0
BRDA:196,43,1,0
BRDA:200,44,0,0
BRDA:200,44,1,0
BRDA:206,45,0,0
BRDA:206,45,1,0
BRDA:212,46,0,0
BRDA:212,46,1,0
BRDA:227,47,0,0
BRDA:227,47,1,0
BRDA:231,48,0,0
BRDA:231,48,1,0
BRDA:234,49,0,0
BRDA:234,49,1,0
BRDA:240,50,0,0
BRDA:240,50,1,0
BRDA:246,51,0,0
BRDA:246,51,1,0
BRDA:261,52,0,0
BRDA:261,52,1,0
BRDA:265,53,0,0
BRDA:265,53,1,0
BRDA:268,54,0,0
BRDA:268,54,1,0
BRDA:274,55,0,0
BRDA:274,55,1,0
BRDA:280,56,0,0
BRDA:280,56,1,0
BRDA:319,57,0,0
BRDA:319,57,1,0
BRDA:321,58,0,0
BRDA:321,58,1,0
BRDA:327,59,0,0
BRDA:327,59,1,0
BRDA:330,60,0,0
BRDA:330,60,1,0
BRDA:337,61,0,0
BRDA:337,61,1,0
BRDA:344,62,0,0
BRDA:344,62,1,0
BRDA:361,63,0,0
BRDA:361,63,1,0
BRDA:365,64,0,0
BRDA:365,64,1,0
BRDA:369,65,0,0
BRDA:369,65,1,0
BRDA:375,66,0,0
BRDA:375,66,1,0
BRDA:381,67,0,0
BRDA:381,67,1,0
BRDA:396,68,0,0
BRDA:396,68,1,0
BRDA:400,69,0,0
BRDA:400,69,1,0
BRDA:404,70,0,0
BRDA:404,70,1,0
BRDA:410,71,0,0
BRDA:410,71,1,0
BRDA:416,72,0,0
BRDA:416,72,1,0
BRDA:462,73,0,0
BRDA:462,73,1,0
BRDA:466,74,0,0
BRDA:466,74,1,0
BRDA:470,75,0,0
BRDA:470,75,1,0
BRDA:476,76,0,0
BRDA:476,76,1,0
BRDA:488,77,0,0
BRDA:488,77,1,0
BRDA:564,78,0,0
BRDA:564,78,1,0
BRDA:583,79,0,0
BRDA:583,79,1,0
BRDA:628,80,0,0
BRDA:628,80,1,0
BRDA:629,81,0,0
BRDA:629,81,1,0
BRDA:633,82,0,0
BRDA:633,82,1,0
BRDA:637,83,0,0
BRDA:637,83,1,0
BRDA:641,84,0,0
BRDA:641,84,1,0
BRDA:647,85,0,0
BRDA:647,85,1,0
BRDA:653,86,0,0
BRDA:653,86,1,0
BRDA:662,87,0,0
BRDA:662,87,1,0
BRDA:663,88,0,0
BRDA:663,88,1,0
BRDA:667,89,0,0
BRDA:667,89,1,0
BRDA:671,90,0,0
BRDA:671,90,1,0
BRDA:675,91,0,0
BRDA:675,91,1,0
BRDA:681,92,0,0
BRDA:681,92,1,0
BRDA:687,93,0,0
BRDA:687,93,1,0
BRDA:768,94,0,0
BRDA:768,94,1,0
BRDA:770,95,0,0
BRDA:770,95,1,0
BRDA:775,96,0,0
BRDA:775,96,1,0
BRDA:778,97,0,0
BRDA:778,97,1,0
BRDA:784,98,0,0
BRDA:784,98,1,0
BRF:202
BRH:0
end_of_record
TN:
SF:src\components\StatCard.tsx
FN:9,(anonymous_1)
FNF:1
FNH:0
FNDA:0,(anonymous_1)
DA:1,0
DA:9,0
DA:10,0
LF:3
LH:0
BRF:0
BRH:0
end_of_record
TN:
SF:src\hooks\useAuth.ts
FN:5,(anonymous_8)
FN:13,(anonymous_9)
FN:13,(anonymous_10)
FN:29,(anonymous_11)
FN:35,(anonymous_12)
FN:41,(anonymous_13)
FN:48,(anonymous_14)
FNF:7
FNH:0
FNDA:0,(anonymous_8)
FNDA:0,(anonymous_9)
FNDA:0,(anonymous_10)
FNDA:0,(anonymous_11)
FNDA:0,(anonymous_12)
FNDA:0,(anonymous_13)
FNDA:0,(anonymous_14)
DA:1,0
DA:2,0
DA:3,0
DA:5,0
DA:6,0
DA:7,0
DA:8,0
DA:9,0
DA:10,0
DA:11,0
DA:13,0
DA:14,0
DA:15,0
DA:16,0
DA:18,0
DA:19,0
DA:20,0
DA:21,0
DA:23,0
DA:25,0
DA:29,0
DA:30,0
DA:31,0
DA:32,0
DA:35,0
DA:36,0
DA:37,0
DA:38,0
DA:41,0
DA:42,0
DA:43,0
DA:44,0
DA:48,0
DA:49,0
DA:52,0
LF:35
LH:0
BRDA:43,0,0,0
BRDA:43,0,1,0
BRF:2
BRH:0
end_of_record
TN:
SF:src\hooks\useRaces.ts
FN:6,(anonymous_8)
FN:11,(anonymous_9)
FN:11,(anonymous_10)
FN:24,(anonymous_11)
FN:24,(anonymous_12)
FN:36,(anonymous_13)
FN:36,(anonymous_14)
FN:48,(anonymous_15)
FN:48,(anonymous_16)
FN:60,(anonymous_17)
FN:60,(anonymous_18)
FNF:11
FNH:0
FNDA:0,(anonymous_8)
FNDA:0,(anonymous_9)
FNDA:0,(anonymous_10)
FNDA:0,(anonymous_11)
FNDA:0,(anonymous_12)
FNDA:0,(anonymous_13)
FNDA:0,(anonymous_14)
FNDA:0,(anonymous_15)
FNDA:0,(anonymous_16)
FNDA:0,(anonymous_17)
FNDA:0,(anonymous_18)
DA:1,0
DA:3,0
DA:4,0
DA:6,0
DA:7,0
DA:8,0
DA:9,0
DA:11,0
DA:12,0
DA:13,0
DA:14,0
DA:15,0
DA:16,0
DA:18,0
DA:20,0
DA:24,0
DA:25,0
DA:26,0
DA:27,0
DA:28,0
DA:30,0
DA:32,0
DA:36,0
DA:37,0
DA:38,0
DA:39,0
DA:40,0
DA:41,0
DA:43,0
DA:44,0
DA:48,0
DA:49,0
DA:50,0
DA:51,0
DA:52,0
DA:53,0
DA:55,0
DA:56,0
DA:60,0
DA:61,0
DA:62,0
DA:63,0
DA:64,0
DA:66,0
DA:67,0
DA:71,0
LF:46
LH:0
BRDA:15,0,0,0
BRDA:15,0,1,0
BRDA:39,1,0,0
BRDA:39,1,1,0
BRDA:51,2,0,0
BRDA:51,2,1,0
BRDA:63,3,0,0
BRDA:63,3,1,0
BRF:8
BRH:0
end_of_record
TN:
SF:src\pages\AboutPage.tsx
FN:3,(anonymous_0)
FNF:1
FNH:0
FNDA:0,(anonymous_0)
DA:3,0
DA:4,0
LF:2
LH:0
BRF:0
BRH:0
end_of_record
TN:
SF:src\pages\ClubsPage.tsx
FN:7,(anonymous_7)
FN:12,(anonymous_8)
FN:13,(anonymous_9)
FN:13,(anonymous_10)
FN:60,(anonymous_11)
FN:71,(anonymous_12)
FN:75,(anonymous_13)
FN:119,(anonymous_14)
FN:122,(anonymous_15)
FNF:9
FNH:0
FNDA:0,(anonymous_7)
FNDA:0,(anonymous_8)
FNDA:0,(anonymous_9)
FNDA:0,(anonymous_10)
FNDA:0,(anonymous_11)
FNDA:0,(anonymous_12)
FNDA:0,(anonymous_13)
FNDA:0,(anonymous_14)
FNDA:0,(anonymous_15)
DA:1,0
DA:2,0
DA:4,0
DA:5,0
DA:7,0
DA:8,0
DA:9,0
DA:10,0
DA:12,0
DA:13,0
DA:14,0
DA:15,0
DA:16,0
DA:18,0
DA:20,0
DA:24,0
DA:27,0
DA:28,0
DA:31,0
DA:32,0
DA:35,0
DA:61,0
DA:72,0
DA:73,0
DA:76,0
DA:77,0
DA:120,0
DA:123,0
LF:28
LH:0
BRDA:18,0,0,0
BRDA:18,0,1,0
BRDA:27,1,0,0
BRDA:27,1,1,0
BRDA:31,2,0,0
BRDA:31,2,1,0
BRDA:48,3,0,0
BRDA:48,3,1,0
BRDA:90,4,0,0
BRDA:90,4,1,0
BRDA:102,5,0,0
BRDA:102,5,1,0
BRF:12
BRH:0
end_of_record
TN:
SF:src\pages\MarketingHome.tsx
FN:3,(anonymous_0)
FNF:1
FNH:0
FNDA:0,(anonymous_0)
DA:3,0
DA:4,0
LF:2
LH:0
BRF:0
BRH:0
end_of_record
TN:
SF:src\pages\RacesPage.tsx
FN:8,(anonymous_1)
FN:11,(anonymous_2)
FN:109,(anonymous_3)
FNF:3
FNH:0
FNDA:0,(anonymous_1)
FNDA:0,(anonymous_2)
FNDA:0,(anonymous_3)
DA:1,0
DA:3,0
DA:4,0
DA:5,0
DA:6,0
DA:8,0
DA:9,0
DA:11,0
DA:12,0
DA:15,0
DA:16,0
DA:38,0
DA:39,0
DA:70,0
DA:110,0
LF:15
LH:0
BRDA:15,0,0,0
BRDA:15,0,1,0
BRDA:38,1,0,0
BRDA:38,1,1,0
BRDA:80,2,0,0
BRDA:80,2,1,0
BRDA:84,3,0,0
BRDA:84,3,1,0
BRDA:141,4,0,0
BRDA:141,4,1,0
BRDA:154,5,0,0
BRDA:154,5,1,0
BRDA:154,5,2,0
BRDA:167,6,0,0
BRDA:167,6,1,0
BRDA:189,7,0,0
BRDA:189,7,1,0
BRDA:193,8,0,0
BRDA:193,8,1,0
BRF:19
BRH:0
end_of_record
TN:
SF:src\pages\AdminDashboard\AdminClubsPage.tsx
FN:8,(anonymous_7)
FN:15,(anonymous_8)
FN:15,(anonymous_9)
FN:29,(anonymous_10)
FN:33,(anonymous_11)
FN:33,(anonymous_12)
FN:46,(anonymous_13)
FN:46,(anonymous_14)
FN:61,(anonymous_15)
FN:61,(anonymous_16)
FN:75,(anonymous_17)
FN:75,(anonymous_18)
FN:86,(anonymous_19)
FN:86,(anonymous_20)
FN:119,(anonymous_21)
FN:187,(anonymous_22)
FN:209,(anonymous_23)
FN:223,(anonymous_24)
FN:272,(anonymous_25)
FN:291,(anonymous_26)
FN:298,(anonymous_27)
FN:316,(anonymous_28)
FN:335,(anonymous_29)
FN:353,(anonymous_30)
FNF:24
FNH:0
FNDA:0,(anonymous_7)
FNDA:0,(anonymous_8)
FNDA:0,(anonymous_9)
FNDA:0,(anonymous_10)
FNDA:0,(anonymous_11)
FNDA:0,(anonymous_12)
FNDA:0,(anonymous_13)
FNDA:0,(anonymous_14)
FNDA:0,(anonymous_15)
FNDA:0,(anonymous_16)
FNDA:0,(anonymous_17)
FNDA:0,(anonymous_18)
FNDA:0,(anonymous_19)
FNDA:0,(anonymous_20)
FNDA:0,(anonymous_21)
FNDA:0,(anonymous_22)
FNDA:0,(anonymous_23)
FNDA:0,(anonymous_24)
FNDA:0,(anonymous_25)
FNDA:0,(anonymous_26)
FNDA:0,(anonymous_27)
FNDA:0,(anonymous_28)
FNDA:0,(anonymous_29)
FNDA:0,(anonymous_30)
DA:1,0
DA:2,0
DA:3,0
DA:5,0
DA:6,0
DA:8,0
DA:9,0
DA:10,0
DA:11,0
DA:12,0
DA:13,0
DA:15,0
DA:16,0
DA:17,0
DA:18,0
DA:20,0
DA:21,0
DA:23,0
DA:25,0
DA:29,0
DA:30,0
DA:33,0
DA:34,0
DA:35,0
DA:36,0
DA:38,0
DA:39,0
DA:40,0
DA:42,0
DA:46,0
DA:47,0
DA:49,0
DA:50,0
DA:51,0
DA:53,0
DA:54,0
DA:55,0
DA:57,0
DA:61,0
DA:62,0
DA:64,0
DA:65,0
DA:66,0
DA:68,0
DA:69,0
DA:71,0
DA:75,0
DA:76,0
DA:77,0
DA:78,0
DA:80,0
DA:82,0
DA:86,0
DA:87,0
DA:88,0
DA:90,0
DA:91,0
DA:92,0
DA:94,0
DA:95,0
DA:96,0
DA:97,0
DA:99,0
DA:103,0
DA:106,0
DA:107,0
DA:110,0
DA:119,0
DA:188,0
DA:209,0
DA:223,0
DA:273,0
DA:274,0
DA:291,0
DA:292,0
DA:298,0
DA:299,0
DA:300,0
DA:301,0
DA:302,0
DA:304,0
DA:307,0
DA:316,0
DA:335,0
DA:353,0
LF:85
LH:0
BRDA:18,0,0,0
BRDA:18,0,1,0
BRDA:23,1,0,0
BRDA:23,1,1,0
BRDA:36,2,0,0
BRDA:36,2,1,0
BRDA:42,3,0,0
BRDA:42,3,1,0
BRDA:47,4,0,0
BRDA:47,4,1,0
BRDA:51,5,0,0
BRDA:51,5,1,0
BRDA:57,6,0,0
BRDA:57,6,1,0
BRDA:62,7,0,0
BRDA:62,7,1,0
BRDA:66,8,0,0
BRDA:66,8,1,0
BRDA:71,9,0,0
BRDA:71,9,1,0
BRDA:78,10,0,0
BRDA:78,10,1,0
BRDA:82,11,0,0
BRDA:82,11,1,0
BRDA:87,12,0,0
BRDA:87,12,1,0
BRDA:87,13,0,0
BRDA:87,13,1,0
BRDA:88,14,0,0
BRDA:88,14,1,0
BRDA:92,15,0,0
BRDA:92,15,1,0
BRDA:99,16,0,0
BRDA:99,16,1,0
BRDA:106,17,0,0
BRDA:106,17,1,0
BRDA:112,18,0,0
BRDA:112,18,1,0
BRDA:191,19,0,0
BRDA:191,19,1,0
BRDA:193,20,0,0
BRDA:193,20,1,0
BRDA:245,21,0,0
BRDA:245,21,1,0
BRDA:245,21,2,0
BRDA:266,22,0,0
BRDA:266,22,1,0
BRDA:271,23,0,0
BRDA:271,23,1,0
BRDA:293,24,0,0
BRDA:293,24,1,0
BRDA:293,25,0,0
BRDA:293,25,1,0
BRDA:293,26,0,0
BRDA:293,26,1,0
BRDA:294,27,0,0
BRDA:294,27,1,0
BRDA:294,28,0,0
BRDA:294,28,1,0
BRDA:294,29,0,0
BRDA:294,29,1,0
BRDA:295,30,0,0
BRDA:295,30,1,0
BRDA:295,31,0,0
BRDA:295,31,1,0
BRDA:295,32,0,0
BRDA:295,32,1,0
BRDA:300,33,0,0
BRDA:300,33,1,0
BRDA:391,34,0,0
BRDA:391,34,1,0
BRF:71
BRH:0
end_of_record
TN:
SF:src\pages\AdminDashboard\AdminDashboard.tsx
FN:9,(anonymous_0)
FN:46,(anonymous_1)
FN:57,(anonymous_2)
FN:78,(anonymous_3)
FN:106,(anonymous_4)
FN:107,(anonymous_5)
FN:148,(anonymous_6)
FN:149,(anonymous_7)
FN:163,(anonymous_8)
FN:177,(anonymous_9)
FN:182,(anonymous_10)
FN:191,(anonymous_11)
FN:205,(anonymous_12)
FN:210,(anonymous_13)
FNF:14
FNH:0
FNDA:0,(anonymous_0)
FNDA:0,(anonymous_1)
FNDA:0,(anonymous_2)
FNDA:0,(anonymous_3)
FNDA:0,(anonymous_4)
FNDA:0,(anonymous_5)
FNDA:0,(anonymous_6)
FNDA:0,(anonymous_7)
FNDA:0,(anonymous_8)
FNDA:0,(anonymous_9)
FNDA:0,(anonymous_10)
FNDA:0,(anonymous_11)
FNDA:0,(anonymous_12)
FNDA:0,(anonymous_13)
DA:2,0
DA:3,0
DA:4,0
DA:5,0
DA:6,0
DA:7,0
DA:9,0
DA:21,0
DA:23,0
DA:25,0
DA:26,0
DA:29,0
DA:30,0
DA:47,0
DA:48,0
DA:57,0
DA:78,0
DA:106,0
DA:107,0
DA:116,0
DA:148,0
DA:149,0
DA:163,0
DA:178,0
DA:179,0
DA:183,0
DA:184,0
DA:191,0
DA:206,0
DA:207,0
DA:211,0
DA:212,0
LF:32
LH:0
BRDA:25,0,0,0
BRDA:25,0,1,0
BRDA:29,1,0,0
BRDA:29,1,1,0
BRDA:43,2,0,0
BRDA:43,2,1,0
BRDA:44,3,0,0
BRDA:44,3,1,0
BRDA:167,4,0,0
BRDA:167,4,1,0
BRDA:168,5,0,0
BRDA:168,5,1,0
BRDA:172,6,0,0
BRDA:172,6,1,0
BRDA:175,7,0,0
BRDA:175,7,1,0
BRDA:178,8,0,0
BRDA:178,8,1,0
BRDA:183,9,0,0
BRDA:183,9,1,0
BRDA:195,10,0,0
BRDA:195,10,1,0
BRDA:196,11,0,0
BRDA:196,11,1,0
BRDA:200,12,0,0
BRDA:200,12,1,0
BRDA:203,13,0,0
BRDA:203,13,1,0
BRDA:206,14,0,0
BRDA:206,14,1,0
BRDA:211,15,0,0
BRDA:211,15,1,0
BRDA:221,16,0,0
BRDA:221,16,1,0
BRDA:222,17,0,0
BRDA:222,17,1,0
BRF:36
BRH:0
end_of_record
TN:
SF:src\pages\AdminDashboard\AdminRacesPage.tsx
FN:13,(anonymous_7)
FN:30,(anonymous_8)
FN:34,(anonymous_9)
FN:34,(anonymous_10)
FN:50,(anonymous_11)
FN:51,(anonymous_12)
FN:54,(anonymous_13)
FN:58,(anonymous_14)
FN:73,(anonymous_15)
FN:126,(anonymous_16)
FN:140,(anonymous_17)
FN:217,(anonymous_18)
FN:225,(anonymous_19)
FN:239,(anonymous_20)
FN:255,(anonymous_21)
FN:257,(anonymous_22)
FN:259,(anonymous_23)
FN:305,(anonymous_24)
FN:306,(anonymous_25)
FN:307,(anonymous_26)
FN:318,(anonymous_27)
FN:319,(anonymous_28)
FN:328,(anonymous_29)
FN:329,(anonymous_30)
FN:338,(anonymous_31)
FN:339,(anonymous_32)
FNF:26
FNH:0
FNDA:0,(anonymous_7)
FNDA:0,(anonymous_8)
FNDA:0,(anonymous_9)
FNDA:0,(anonymous_10)
FNDA:0,(anonymous_11)
FNDA:0,(anonymous_12)
FNDA:0,(anonymous_13)
FNDA:0,(anonymous_14)
FNDA:0,(anonymous_15)
FNDA:0,(anonymous_16)
FNDA:0,(anonymous_17)
FNDA:0,(anonymous_18)
FNDA:0,(anonymous_19)
FNDA:0,(anonymous_20)
FNDA:0,(anonymous_21)
FNDA:0,(anonymous_22)
FNDA:0,(anonymous_23)
FNDA:0,(anonymous_24)
FNDA:0,(anonymous_25)
FNDA:0,(anonymous_26)
FNDA:0,(anonymous_27)
FNDA:0,(anonymous_28)
FNDA:0,(anonymous_29)
FNDA:0,(anonymous_30)
FNDA:0,(anonymous_31)
FNDA:0,(anonymous_32)
DA:1,0
DA:2,0
DA:3,0
DA:4,0
DA:5,0
DA:6,0
DA:7,0
DA:8,0
DA:9,0
DA:10,0
DA:13,0
DA:22,0
DA:24,0
DA:25,0
DA:26,0
DA:27,0
DA:28,0
DA:30,0
DA:31,0
DA:34,0
DA:35,0
DA:37,0
DA:39,0
DA:40,0
DA:41,0
DA:43,0
DA:45,0
DA:46,0
DA:50,0
DA:51,0
DA:54,0
DA:55,0
DA:58,0
DA:59,0
DA:60,0
DA:61,0
DA:64,0
DA:65,0
DA:71,0
DA:74,0
DA:95,0
DA:99,0
DA:100,0
DA:101,0
DA:102,0
DA:103,0
DA:104,0
DA:105,0
DA:106,0
DA:107,0
DA:109,0
DA:113,0
DA:114,0
DA:117,0
DA:126,0
DA:140,0
DA:218,0
DA:225,0
DA:239,0
DA:256,0
DA:257,0
DA:259,0
DA:260,0
DA:261,0
DA:262,0
DA:305,0
DA:306,0
DA:308,0
DA:309,0
DA:318,0
DA:320,0
DA:321,0
DA:328,0
DA:330,0
DA:331,0
DA:338,0
DA:340,0
DA:341,0
LF:78
LH:0
BRDA:35,0,0,0
BRDA:35,0,1,0
BRDA:37,1,0,0
BRDA:37,1,1,0
BRDA:59,2,0,0
BRDA:59,2,1,0
BRDA:76,3,0,0
BRDA:76,3,1,0
BRDA:77,4,0,0
BRDA:77,4,1,0
BRDA:78,5,0,0
BRDA:78,5,1,0
BRDA:79,6,0,0
BRDA:79,6,1,0
BRDA:80,7,0,0
BRDA:80,7,1,0
BRDA:81,8,0,0
BRDA:81,8,1,0
BRDA:82,9,0,0
BRDA:82,9,1,0
BRDA:83,10,0,0
BRDA:83,10,1,0
BRDA:84,11,0,0
BRDA:84,11,1,0
BRDA:85,12,0,0
BRDA:85,12,1,0
BRDA:86,13,0,0
BRDA:86,13,1,0
BRDA:87,14,0,0
BRDA:87,14,1,0
BRDA:88,15,0,0
BRDA:88,15,1,0
BRDA:88,16,0,0
BRDA:88,16,1,0
BRDA:89,17,0,0
BRDA:89,17,1,0
BRDA:90,18,0,0
BRDA:90,18,1,0
BRDA:91,19,0,0
BRDA:91,19,1,0
BRDA:92,20,0,0
BRDA:92,20,1,0
BRDA:93,21,0,0
BRDA:93,21,1,0
BRDA:113,22,0,0
BRDA:113,22,1,0
BRDA:119,23,0,0
BRDA:119,23,1,0
BRDA:173,24,0,0
BRDA:173,24,1,0
BRDA:210,25,0,0
BRDA:210,25,1,0
BRDA:219,26,0,0
BRDA:219,26,1,0
BRDA:256,27,0,0
BRDA:256,27,1,0
BRDA:273,28,0,0
BRDA:273,28,1,0
BRDA:274,29,0,0
BRDA:274,29,1,0
BRDA:275,30,0,0
BRDA:275,30,1,0
BRDA:276,31,0,0
BRDA:276,31,1,0
BRDA:277,32,0,0
BRDA:277,32,1,0
BRDA:278,33,0,0
BRDA:278,33,1,0
BRDA:279,34,0,0
BRDA:279,34,1,0
BRDA:281,35,0,0
BRDA:281,35,1,0
BRDA:292,36,0,0
BRDA:292,36,1,0
BRDA:302,37,0,0
BRDA:302,37,1,0
BRDA:314,38,0,0
BRDA:314,38,1,0
BRDA:326,39,0,0
BRDA:326,39,1,0
BRDA:336,40,0,0
BRDA:336,40,1,0
BRF:82
BRH:0
end_of_record
TN:
SF:src\pages\AdminDashboard\BulkBar.tsx
FN:10,(anonymous_0)
FNF:1
FNH:0
FNDA:0,(anonymous_0)
DA:10,0
DA:16,0
LF:2
LH:0
BRDA:30,0,0,0
BRDA:30,0,1,0
BRF:2
BRH:0
end_of_record
TN:
SF:src\pages\AdminDashboard\CreateRaceModal.tsx
FN:11,(anonymous_7)
FN:14,(anonymous_8)
FN:14,(anonymous_9)
FN:96,(anonymous_10)
FN:99,(anonymous_11)
FNF:5
FNH:0
FNDA:0,(anonymous_7)
FNDA:0,(anonymous_8)
FNDA:0,(anonymous_9)
FNDA:0,(anonymous_10)
FNDA:0,(anonymous_11)
DA:1,0
DA:2,0
DA:3,0
DA:4,0
DA:11,0
DA:12,0
DA:14,0
DA:15,0
DA:16,0
DA:17,0
DA:18,0
DA:19,0
DA:22,0
DA:39,0
DA:41,0
DA:42,0
DA:43,0
DA:45,0
DA:49,0
DA:97,0
DA:100,0
LF:21
LH:0
BRDA:18,0,0,0
BRDA:18,0,1,0
BRDA:42,1,0,0
BRDA:42,1,1,0
BRF:4
BRH:0
end_of_record
TN:
SF:src\pages\AdminDashboard\DeleteRaceModal.tsx
FN:11,(anonymous_8)
FN:19,(anonymous_9)
FN:19,(anonymous_10)
FNF:3
FNH:0
FNDA:0,(anonymous_8)
FNDA:0,(anonymous_9)
FNDA:0,(anonymous_10)
DA:1,0
DA:11,0
DA:17,0
DA:19,0
DA:20,0
DA:21,0
DA:22,0
DA:23,0
DA:25,0
DA:27,0
DA:31,0
LF:11
LH:0
BRDA:79,0,0,0
BRDA:79,0,1,0
BRDA:82,1,0,0
BRDA:82,1,1,0
BRF:4
BRH:0
end_of_record
TN:
SF:src\pages\AdminDashboard\EditRaceModal.tsx
FN:30,(anonymous_7)
FN:33,(anonymous_8)
FN:33,(anonymous_9)
FNF:3
FNH:0
FNDA:0,(anonymous_7)
FNDA:0,(anonymous_8)
FNDA:0,(anonymous_9)
DA:1,0
DA:2,0
DA:3,0
DA:30,0
DA:31,0
DA:33,0
DA:34,0
DA:35,0
DA:36,0
DA:37,0
DA:39,0
DA:40,0
DA:41,0
DA:43,0
DA:47,0
LF:15
LH:0
BRDA:40,0,0,0
BRDA:40,0,1,0
BRF:2
BRH:0
end_of_record
TN:
SF:src\pages\AdminDashboard\ImportRacesModal.tsx
FN:15,(anonymous_8)
FN:24,(anonymous_9)
FN:24,(anonymous_10)
FN:32,(anonymous_11)
FN:65,(anonymous_12)
FN:65,(anonymous_13)
FN:77,(anonymous_14)
FN:91,(anonymous_15)
FN:91,(anonymous_16)
FN:149,(anonymous_17)
FN:178,(anonymous_18)
FN:186,(anonymous_19)
FN:200,(anonymous_20)
FN:209,(anonymous_21)
FN:262,(anonymous_22)
FN:295,(anonymous_23)
FN:328,(anonymous_24)
FN:364,(anonymous_25)
FN:395,(anonymous_26)
FN:396,(anonymous_27)
FN:397,(anonymous_28)
FN:432,(anonymous_29)
FN:661,(anonymous_30)
FN:662,(anonymous_31)
FNF:24
FNH:0
FNDA:0,(anonymous_8)
FNDA:0,(anonymous_9)
FNDA:0,(anonymous_10)
FNDA:0,(anonymous_11)
FNDA:0,(anonymous_12)
FNDA:0,(anonymous_13)
FNDA:0,(anonymous_14)
FNDA:0,(anonymous_15)
FNDA:0,(anonymous_16)
FNDA:0,(anonymous_17)
FNDA:0,(anonymous_18)
FNDA:0,(anonymous_19)
FNDA:0,(anonymous_20)
FNDA:0,(anonymous_21)
FNDA:0,(anonymous_22)
FNDA:0,(anonymous_23)
FNDA:0,(anonymous_24)
FNDA:0,(anonymous_25)
FNDA:0,(anonymous_26)
FNDA:0,(anonymous_27)
FNDA:0,(anonymous_28)
FNDA:0,(anonymous_29)
FNDA:0,(anonymous_30)
FNDA:0,(anonymous_31)
DA:1,0
DA:2,0
DA:3,0
DA:4,0
DA:6,0
DA:7,0
DA:8,0
DA:15,0
DA:16,0
DA:17,0
DA:18,0
DA:19,0
DA:20,0
DA:21,0
DA:22,0
DA:24,0
DA:25,0
DA:27,0
DA:28,0
DA:29,0
DA:31,0
DA:32,0
DA:38,0
DA:39,0
DA:44,0
DA:45,0
DA:46,0
DA:47,0
DA:49,0
DA:50,0
DA:52,0
DA:55,0
DA:61,0
DA:65,0
DA:66,0
DA:68,0
DA:69,0
DA:70,0
DA:72,0
DA:73,0
DA:74,0
DA:75,0
DA:77,0
DA:79,0
DA:80,0
DA:81,0
DA:84,0
DA:85,0
DA:87,0
DA:88,0
DA:90,0
DA:91,0
DA:92,0
DA:94,0
DA:100,0
DA:101,0
DA:102,0
DA:103,0
DA:104,0
DA:106,0
DA:107,0
DA:109,0
DA:110,0
DA:113,0
DA:116,0
DA:117,0
DA:121,0
DA:122,0
DA:123,0
DA:126,0
DA:128,0
DA:129,0
DA:131,0
DA:134,0
DA:135,0
DA:137,0
DA:138,0
DA:143,0
DA:144,0
DA:145,0
DA:146,0
DA:149,0
DA:159,0
DA:160,0
DA:161,0
DA:164,0
DA:165,0
DA:171,0
DA:174,0
DA:178,0
DA:179,0
DA:180,0
DA:181,0
DA:183,0
DA:186,0
DA:187,0
DA:189,0
DA:190,0
DA:191,0
DA:192,0
DA:193,0
DA:194,0
DA:195,0
DA:196,0
DA:200,0
DA:201,0
DA:202,0
DA:203,0
DA:204,0
DA:209,0
DA:210,0
DA:216,0
DA:218,0
DA:246,0
DA:263,0
DA:295,0
DA:328,0
DA:347,0
DA:365,0
DA:396,0
DA:397,0
DA:399,0
DA:433,0
DA:498,0
DA:548,0
DA:606,0
DA:610,0
DA:661,0
DA:662,0
LF:129
LH:0
BRDA:25,0,0,0
BRDA:25,0,1,0
BRDA:31,1,0,0
BRDA:31,1,1,0
BRDA:49,2,0,0
BRDA:49,2,1,0
BRDA:66,3,0,0
BRDA:66,3,1,0
BRDA:81,4,0,0
BRDA:81,4,1,0
BRDA:88,5,0,0
BRDA:88,5,1,0
BRDA:96,6,0,0
BRDA:96,6,1,0
BRDA:100,7,0,0
BRDA:100,7,1,0
BRDA:103,8,0,0
BRDA:103,8,1,0
BRDA:106,9,0,0
BRDA:106,9,1,0
BRDA:116,10,0,0
BRDA:116,10,1,0
BRDA:117,11,0,0
BRDA:117,11,1,0
BRDA:126,12,0,0
BRDA:126,12,1,0
BRDA:128,13,0,0
BRDA:128,13,1,0
BRDA:128,14,0,0
BRDA:128,14,1,0
BRDA:144,15,0,0
BRDA:144,15,1,0
BRDA:159,16,0,0
BRDA:159,16,1,0
BRDA:164,17,0,0
BRDA:164,17,1,0
BRDA:179,18,0,0
BRDA:179,18,1,0
BRDA:194,19,0,0
BRDA:194,19,1,0
BRDA:201,20,0,0
BRDA:201,20,1,0
BRDA:201,21,0,0
BRDA:201,21,1,0
BRDA:202,22,0,0
BRDA:202,22,1,0
BRDA:216,23,0,0
BRDA:216,23,1,0
BRDA:216,23,2,0
BRDA:216,23,3,0
BRDA:216,23,4,0
BRDA:216,23,5,0
BRDA:226,24,0,0
BRDA:226,24,1,0
BRDA:251,25,0,0
BRDA:251,25,1,0
BRDA:277,26,0,0
BRDA:277,26,1,0
BRDA:282,27,0,0
BRDA:282,27,1,0
BRDA:293,28,0,0
BRDA:293,28,1,0
BRDA:326,29,0,0
BRDA:326,29,1,0
BRDA:353,30,0,0
BRDA:353,30,1,0
BRDA:379,31,0,0
BRDA:379,31,1,0
BRDA:409,32,0,0
BRDA:409,32,1,0
BRDA:411,33,0,0
BRDA:411,33,1,0
BRDA:414,34,0,0
BRDA:414,34,1,0
BRDA:416,35,0,0
BRDA:416,35,1,0
BRDA:439,36,0,0
BRDA:439,36,1,0
BRDA:442,37,0,0
BRDA:442,37,1,0
BRDA:446,38,0,0
BRDA:446,38,1,0
BRDA:450,39,0,0
BRDA:450,39,1,0
BRDA:525,40,0,0
BRDA:525,40,1,0
BRDA:526,41,0,0
BRDA:526,41,1,0
BRDA:552,42,0,0
BRDA:552,42,1,0
BRDA:552,43,0,0
BRDA:552,43,1,0
BRDA:560,44,0,0
BRDA:560,44,1,0
BRDA:565,45,0,0
BRDA:565,45,1,0
BRF:96
BRH:0
end_of_record
TN:
SF:src\pages\AdminDashboard\ImportCsv\ImportPanel.tsx
FN:14,(anonymous_8)
FN:23,(anonymous_9)
FN:23,(anonymous_10)
FN:31,(anonymous_11)
FN:64,(anonymous_12)
FN:64,(anonymous_13)
FN:76,(anonymous_14)
FN:90,(anonymous_15)
FN:90,(anonymous_16)
FN:148,(anonymous_17)
FN:177,(anonymous_18)
FN:185,(anonymous_19)
FN:199,(anonymous_20)
FN:208,(anonymous_21)
FN:261,(anonymous_22)
FN:294,(anonymous_23)
FN:327,(anonymous_24)
FN:363,(anonymous_25)
FN:394,(anonymous_26)
FN:395,(anonymous_27)
FN:396,(anonymous_28)
FN:431,(anonymous_29)
FNF:22
FNH:0
FNDA:0,(anonymous_8)
FNDA:0,(anonymous_9)
FNDA:0,(anonymous_10)
FNDA:0,(anonymous_11)
FNDA:0,(anonymous_12)
FNDA:0,(anonymous_13)
FNDA:0,(anonymous_14)
FNDA:0,(anonymous_15)
FNDA:0,(anonymous_16)
FNDA:0,(anonymous_17)
FNDA:0,(anonymous_18)
FNDA:0,(anonymous_19)
FNDA:0,(anonymous_20)
FNDA:0,(anonymous_21)
FNDA:0,(anonymous_22)
FNDA:0,(anonymous_23)
FNDA:0,(anonymous_24)
FNDA:0,(anonymous_25)
FNDA:0,(anonymous_26)
FNDA:0,(anonymous_27)
FNDA:0,(anonymous_28)
FNDA:0,(anonymous_29)
DA:1,0
DA:2,0
DA:3,0
DA:4,0
DA:6,0
DA:7,0
DA:8,0
DA:14,0
DA:15,0
DA:16,0
DA:17,0
DA:18,0
DA:19,0
DA:20,0
DA:21,0
DA:23,0
DA:24,0
DA:26,0
DA:27,0
DA:28,0
DA:30,0
DA:31,0
DA:37,0
DA:38,0
DA:43,0
DA:44,0
DA:45,0
DA:46,0
DA:48,0
DA:49,0
DA:51,0
DA:54,0
DA:60,0
DA:64,0
DA:65,0
DA:67,0
DA:68,0
DA:69,0
DA:71,0
DA:72,0
DA:73,0
DA:74,0
DA:76,0
DA:78,0
DA:79,0
DA:80,0
DA:83,0
DA:84,0
DA:86,0
DA:87,0
DA:89,0
DA:90,0
DA:91,0
DA:93,0
DA:99,0
DA:100,0
DA:101,0
DA:102,0
DA:103,0
DA:105,0
DA:106,0
DA:108,0
DA:109,0
DA:112,0
DA:115,0
DA:116,0
DA:120,0
DA:121,0
DA:122,0
DA:125,0
DA:127,0
DA:128,0
DA:130,0
DA:133,0
DA:134,0
DA:136,0
DA:137,0
DA:142,0
DA:143,0
DA:144,0
DA:145,0
DA:148,0
DA:158,0
DA:159,0
DA:160,0
DA:163,0
DA:164,0
DA:170,0
DA:173,0
DA:177,0
DA:178,0
DA:179,0
DA:180,0
DA:182,0
DA:185,0
DA:186,0
DA:188,0
DA:189,0
DA:190,0
DA:191,0
DA:192,0
DA:193,0
DA:194,0
DA:195,0
DA:199,0
DA:200,0
DA:201,0
DA:202,0
DA:203,0
DA:208,0
DA:209,0
DA:215,0
DA:217,0
DA:245,0
DA:262,0
DA:294,0
DA:327,0
DA:346,0
DA:364,0
DA:395,0
DA:396,0
DA:398,0
DA:432,0
DA:497,0
DA:547,0
DA:589,0
DA:593,0
LF:127
LH:0
BRDA:24,0,0,0
BRDA:24,0,1,0
BRDA:30,1,0,0
BRDA:30,1,1,0
BRDA:48,2,0,0
BRDA:48,2,1,0
BRDA:65,3,0,0
BRDA:65,3,1,0
BRDA:80,4,0,0
BRDA:80,4,1,0
BRDA:87,5,0,0
BRDA:87,5,1,0
BRDA:95,6,0,0
BRDA:95,6,1,0
BRDA:99,7,0,0
BRDA:99,7,1,0
BRDA:102,8,0,0
BRDA:102,8,1,0
BRDA:105,9,0,0
BRDA:105,9,1,0
BRDA:115,10,0,0
BRDA:115,10,1,0
BRDA:116,11,0,0
BRDA:116,11,1,0
BRDA:125,12,0,0
BRDA:125,12,1,0
BRDA:127,13,0,0
BRDA:127,13,1,0
BRDA:127,14,0,0
BRDA:127,14,1,0
BRDA:143,15,0,0
BRDA:143,15,1,0
BRDA:158,16,0,0
BRDA:158,16,1,0
BRDA:163,17,0,0
BRDA:163,17,1,0
BRDA:178,18,0,0
BRDA:178,18,1,0
BRDA:193,19,0,0
BRDA:193,19,1,0
BRDA:200,20,0,0
BRDA:200,20,1,0
BRDA:200,21,0,0
BRDA:200,21,1,0
BRDA:201,22,0,0
BRDA:201,22,1,0
BRDA:215,23,0,0
BRDA:215,23,1,0
BRDA:215,23,2,0
BRDA:215,23,3,0
BRDA:215,23,4,0
BRDA:215,23,5,0
BRDA:225,24,0,0
BRDA:225,24,1,0
BRDA:250,25,0,0
BRDA:250,25,1,0
BRDA:276,26,0,0
BRDA:276,26,1,0
BRDA:281,27,0,0
BRDA:281,27,1,0
BRDA:292,28,0,0
BRDA:292,28,1,0
BRDA:325,29,0,0
BRDA:325,29,1,0
BRDA:352,30,0,0
BRDA:352,30,1,0
BRDA:378,31,0,0
BRDA:378,31,1,0
BRDA:408,32,0,0
BRDA:408,32,1,0
BRDA:410,33,0,0
BRDA:410,33,1,0
BRDA:413,34,0,0
BRDA:413,34,1,0
BRDA:415,35,0,0
BRDA:415,35,1,0
BRDA:438,36,0,0
BRDA:438,36,1,0
BRDA:441,37,0,0
BRDA:441,37,1,0
BRDA:445,38,0,0
BRDA:445,38,1,0
BRDA:449,39,0,0
BRDA:449,39,1,0
BRDA:524,40,0,0
BRDA:524,40,1,0
BRDA:525,41,0,0
BRDA:525,41,1,0
BRDA:551,42,0,0
BRDA:551,42,1,0
BRDA:551,43,0,0
BRDA:551,43,1,0
BRDA:559,44,0,0
BRDA:559,44,1,0
BRDA:564,45,0,0
BRDA:564,45,1,0
BRF:96
BRH:0
end_of_record
TN:
SF:src\pages\AdminDashboard\ImportCsv\download.ts
FN:3,downloadErrorsCsv
FN:12,(anonymous_1)
FNF:2
FNH:0
FNDA:0,downloadErrorsCsv
FNDA:0,(anonymous_1)
DA:3,0
DA:4,0
DA:5,0
DA:9,0
DA:10,0
DA:12,0
DA:23,0
DA:24,0
DA:26,0
DA:27,0
DA:28,0
DA:29,0
DA:30,0
DA:31,0
DA:32,0
DA:33,0
LF:16
LH:0
BRDA:4,0,0,0
BRDA:4,0,1,0
BRDA:17,1,0,0
BRDA:17,1,1,0
BRDA:18,2,0,0
BRDA:18,2,1,0
BRDA:26,3,0,0
BRDA:26,3,1,0
BRF:8
BRH:0
end_of_record
TN:
SF:src\pages\AdminDashboard\ImportCsv\parseCsv.ts
FN:6,validateHeaders
FN:7,(anonymous_2)
FN:8,(anonymous_3)
FN:12,(anonymous_4)
FN:27,parseCsvFile
FN:28,(anonymous_6)
FN:33,(anonymous_7)
FN:35,(anonymous_8)
FN:46,(anonymous_9)
FN:51,(anonymous_10)
FN:58,(anonymous_11)
FN:77,(anonymous_12)
FNF:12
FNH:0
FNDA:0,validateHeaders
FNDA:0,(anonymous_2)
FNDA:0,(anonymous_3)
FNDA:0,(anonymous_4)
FNDA:0,parseCsvFile
FNDA:0,(anonymous_6)
FNDA:0,(anonymous_7)
FNDA:0,(anonymous_8)
FNDA:0,(anonymous_9)
FNDA:0,(anonymous_10)
FNDA:0,(anonymous_11)
FNDA:0,(anonymous_12)
DA:1,0
DA:4,0
DA:6,0
DA:7,0
DA:8,0
DA:9,0
DA:12,0
DA:20,0
DA:27,0
DA:28,0
DA:29,0
DA:34,0
DA:35,0
DA:36,0
DA:39,0
DA:40,0
DA:41,0
DA:43,0
DA:44,0
DA:46,0
DA:48,0
DA:51,0
DA:52,0
DA:55,0
DA:58,0
DA:59,0
DA:60,0
DA:62,0
DA:67,0
DA:69,0
DA:72,0
DA:78,0
LF:32
LH:0
BRDA:34,0,0,0
BRDA:34,0,1,0
BRDA:39,1,0,0
BRDA:39,1,1,0
BRDA:43,2,0,0
BRDA:43,2,1,0
BRDA:60,3,0,0
BRDA:60,3,1,0
BRDA:60,4,0,0
BRDA:60,4,1,0
BRF:10
BRH:0
end_of_record
TN:
SF:src\pages\AdminDashboard\ImportCsv\validation.ts
FN:5,validateRequired
FN:12,validateName
FN:22,validateDate
FN:43,validateTime
FN:68,validateSurface
FN:76,validateDistance
FN:84,validateKidRun
FN:92,validateUrl
FN:103,validateId
FN:117,validateBackendCompatibility
FN:236,validateLatitude
FN:249,validateLongitude
FN:263,parseDistances
FN:268,(anonymous_13)
FN:269,(anonymous_14)
FN:270,(anonymous_15)
FN:282,parseKidRun
FN:289,parseNumber
FN:297,validateCsvRow
FN:415,(anonymous_19)
FN:478,normalizeCsvRow
FN:499,validateAndTransform
FN:508,(anonymous_22)
FN:519,(anonymous_23)
FN:541,(anonymous_24)
FNF:25
FNH:0
FNDA:0,validateRequired
FNDA:0,validateName
FNDA:0,validateDate
FNDA:0,validateTime
FNDA:0,validateSurface
FNDA:0,validateDistance
FNDA:0,validateKidRun
FNDA:0,validateUrl
FNDA:0,validateId
FNDA:0,validateBackendCompatibility
FNDA:0,validateLatitude
FNDA:0,validateLongitude
FNDA:0,parseDistances
FNDA:0,(anonymous_13)
FNDA:0,(anonymous_14)
FNDA:0,(anonymous_15)
FNDA:0,parseKidRun
FNDA:0,parseNumber
FNDA:0,validateCsvRow
FNDA:0,(anonymous_19)
FNDA:0,normalizeCsvRow
FNDA:0,validateAndTransform
FNDA:0,(anonymous_22)
FNDA:0,(anonymous_23)
FNDA:0,(anonymous_24)
DA:5,0
DA:6,0
DA:7,0
DA:9,0
DA:12,0
DA:13,0
DA:14,0
DA:16,0
DA:17,0
DA:19,0
DA:22,0
DA:24,0
DA:25,0
DA:26,0
DA:30,0
DA:31,0
DA:33,0
DA:34,0
DA:37,0
DA:40,0
DA:43,0
DA:45,0
DA:46,0
DA:47,0
DA:51,0
DA:53,0
DA:54,0
DA:55,0
DA:58,0
DA:59,0
DA:62,0
DA:65,0
DA:68,0
DA:69,0
DA:70,0
DA:71,0
DA:73,0
DA:76,0
DA:77,0
DA:78,0
DA:79,0
DA:81,0
DA:84,0
DA:85,0
DA:86,0
DA:87,0
DA:89,0
DA:92,0
DA:93,0
DA:95,0
DA:96,0
DA:97,0
DA:99,0
DA:103,0
DA:104,0
DA:106,0
DA:107,0
DA:108,0
DA:110,0
DA:111,0
DA:113,0
DA:117,0
DA:118,0
DA:121,0
DA:122,0
DA:132,0
DA:133,0
DA:134,0
DA:135,0
DA:136,0
DA:145,0
DA:156,0
DA:157,0
DA:158,0
DA:159,0
DA:160,0
DA:169,0
DA:180,0
DA:181,0
DA:191,0
DA:192,0
DA:202,0
DA:203,0
DA:213,0
DA:214,0
DA:223,0
DA:224,0
DA:233,0
DA:236,0
DA:237,0
DA:239,0
DA:240,0
DA:241,0
DA:243,0
DA:244,0
DA:246,0
DA:249,0
DA:250,0
DA:252,0
DA:253,0
DA:254,0
DA:256,0
DA:257,0
DA:259,0
DA:263,0
DA:264,0
DA:266,0
DA:268,0
DA:269,0
DA:272,0
DA:273,0
DA:274,0
DA:275,0
DA:276,0
DA:277,0
DA:278,0
DA:282,0
DA:283,0
DA:285,0
DA:286,0
DA:289,0
DA:290,0
DA:292,0
DA:293,0
DA:297,0
DA:298,0
DA:301,0
DA:302,0
DA:303,0
DA:311,0
DA:312,0
DA:313,0
DA:321,0
DA:322,0
DA:323,0
DA:331,0
DA:332,0
DA:333,0
DA:341,0
DA:342,0
DA:343,0
DA:352,0
DA:353,0
DA:354,0
DA:355,0
DA:365,0
DA:366,0
DA:367,0
DA:368,0
DA:377,0
DA:378,0
DA:379,0
DA:380,0
DA:389,0
DA:390,0
DA:391,0
DA:392,0
DA:401,0
DA:402,0
DA:403,0
DA:404,0
DA:413,0
DA:414,0
DA:415,0
DA:416,0
DA:417,0
DA:426,0
DA:427,0
DA:428,0
DA:429,0
DA:438,0
DA:439,0
DA:440,0
DA:441,0
DA:450,0
DA:451,0
DA:452,0
DA:453,0
DA:462,0
DA:463,0
DA:464,0
DA:465,0
DA:474,0
DA:478,0
DA:479,0
DA:499,0
DA:504,0
DA:505,0
DA:506,0
DA:508,0
DA:509,0
DA:510,0
DA:512,0
DA:513,0
DA:514,0
DA:517,0
DA:518,0
DA:519,0
DA:520,0
DA:522,0
DA:526,0
DA:530,0
DA:532,0
DA:541,0
DA:542,0
DA:553,0
LF:206
LH:0
BRDA:6,0,0,0
BRDA:6,0,1,0
BRDA:6,1,0,0
BRDA:6,1,1,0
BRDA:13,2,0,0
BRDA:13,2,1,0
BRDA:16,3,0,0
BRDA:16,3,1,0
BRDA:25,4,0,0
BRDA:25,4,1,0
BRDA:33,5,0,0
BRDA:33,5,1,0
BRDA:46,6,0,0
BRDA:46,6,1,0
BRDA:54,7,0,0
BRDA:54,7,1,0
BRDA:58,8,0,0
BRDA:58,8,1,0
BRDA:70,9,0,0
BRDA:70,9,1,0
BRDA:78,10,0,0
BRDA:78,10,1,0
BRDA:86,11,0,0
BRDA:86,11,1,0
BRDA:93,12,0,0
BRDA:93,12,1,0
BRDA:104,13,0,0
BRDA:104,13,1,0
BRDA:107,14,0,0
BRDA:107,14,1,0
BRDA:110,15,0,0
BRDA:110,15,1,0
BRDA:121,16,0,0
BRDA:121,16,1,0
BRDA:121,17,0,0
BRDA:121,17,1,0
BRDA:127,18,0,0
BRDA:127,18,1,0
BRDA:132,19,0,0
BRDA:132,19,1,0
BRDA:135,20,0,0
BRDA:135,20,1,0
BRDA:156,21,0,0
BRDA:156,21,1,0
BRDA:159,22,0,0
BRDA:159,22,1,0
BRDA:159,23,0,0
BRDA:159,23,1,0
BRDA:159,23,2,0
BRDA:159,23,3,0
BRDA:159,23,4,0
BRDA:159,23,5,0
BRDA:180,24,0,0
BRDA:180,24,1,0
BRDA:180,25,0,0
BRDA:180,25,1,0
BRDA:191,26,0,0
BRDA:191,26,1,0
BRDA:191,27,0,0
BRDA:191,27,1,0
BRDA:202,28,0,0
BRDA:202,28,1,0
BRDA:213,29,0,0
BRDA:213,29,1,0
BRDA:213,30,0,0
BRDA:213,30,1,0
BRDA:213,30,2,0
BRDA:223,31,0,0
BRDA:223,31,1,0
BRDA:223,32,0,0
BRDA:223,32,1,0
BRDA:223,32,2,0
BRDA:237,33,0,0
BRDA:237,33,1,0
BRDA:240,34,0,0
BRDA:240,34,1,0
BRDA:243,35,0,0
BRDA:243,35,1,0
BRDA:243,36,0,0
BRDA:243,36,1,0
BRDA:250,37,0,0
BRDA:250,37,1,0
BRDA:253,38,0,0
BRDA:253,38,1,0
BRDA:256,39,0,0
BRDA:256,39,1,0
BRDA:256,40,0,0
BRDA:256,40,1,0
BRDA:264,41,0,0
BRDA:264,41,1,0
BRDA:272,42,0,0
BRDA:272,42,1,0
BRDA:273,43,0,0
BRDA:273,43,1,0
BRDA:274,44,0,0
BRDA:274,44,1,0
BRDA:275,45,0,0
BRDA:275,45,1,0
BRDA:276,46,0,0
BRDA:276,46,1,0
BRDA:277,47,0,0
BRDA:277,47,1,0
BRDA:283,48,0,0
BRDA:283,48,1,0
BRDA:286,49,0,0
BRDA:286,49,1,0
BRDA:286,49,2,0
BRDA:290,50,0,0
BRDA:290,50,1,0
BRDA:293,51,0,0
BRDA:293,51,1,0
BRDA:302,52,0,0
BRDA:302,52,1,0
BRDA:307,53,0,0
BRDA:307,53,1,0
BRDA:312,54,0,0
BRDA:312,54,1,0
BRDA:317,55,0,0
BRDA:317,55,1,0
BRDA:322,56,0,0
BRDA:322,56,1,0
BRDA:327,57,0,0
BRDA:327,57,1,0
BRDA:332,58,0,0
BRDA:332,58,1,0
BRDA:337,59,0,0
BRDA:337,59,1,0
BRDA:342,60,0,0
BRDA:342,60,1,0
BRDA:347,61,0,0
BRDA:347,61,1,0
BRDA:352,62,0,0
BRDA:352,62,1,0
BRDA:354,63,0,0
BRDA:354,63,1,0
BRDA:365,64,0,0
BRDA:365,64,1,0
BRDA:367,65,0,0
BRDA:367,65,1,0
BRDA:377,66,0,0
BRDA:377,66,1,0
BRDA:379,67,0,0
BRDA:379,67,1,0
BRDA:389,68,0,0
BRDA:389,68,1,0
BRDA:391,69,0,0
BRDA:391,69,1,0
BRDA:401,70,0,0
BRDA:401,70,1,0
BRDA:403,71,0,0
BRDA:403,71,1,0
BRDA:413,72,0,0
BRDA:413,72,1,0
BRDA:416,73,0,0
BRDA:416,73,1,0
BRDA:426,74,0,0
BRDA:426,74,1,0
BRDA:428,75,0,0
BRDA:428,75,1,0
BRDA:438,76,0,0
BRDA:438,76,1,0
BRDA:440,77,0,0
BRDA:440,77,1,0
BRDA:450,78,0,0
BRDA:450,78,1,0
BRDA:452,79,0,0
BRDA:452,79,1,0
BRDA:462,80,0,0
BRDA:462,80,1,0
BRDA:464,81,0,0
BRDA:464,81,1,0
BRDA:480,82,0,0
BRDA:480,82,1,0
BRDA:481,83,0,0
BRDA:481,83,1,0
BRDA:482,84,0,0
BRDA:482,84,1,0
BRDA:485,85,0,0
BRDA:485,85,1,0
BRDA:486,86,0,0
BRDA:486,86,1,0
BRDA:488,87,0,0
BRDA:488,87,1,0
BRDA:489,88,0,0
BRDA:489,88,1,0
BRDA:490,89,0,0
BRDA:490,89,1,0
BRDA:491,90,0,0
BRDA:491,90,1,0
BRDA:492,91,0,0
BRDA:492,91,1,0
BRDA:493,92,0,0
BRDA:493,92,1,0
BRDA:493,93,0,0
BRDA:493,93,1,0
BRDA:493,94,0,0
BRDA:493,94,1,0
BRDA:494,95,0,0
BRDA:494,95,1,0
BRDA:494,96,0,0
BRDA:494,96,1,0
BRDA:494,97,0,0
BRDA:494,97,1,0
BRDA:512,98,0,0
BRDA:512,98,1,0
BRDA:518,99,0,0
BRDA:518,99,1,0
BRF:207
BRH:0
end_of_record
TN:
SF:src\services\api.ts
FN:5,(anonymous_7)
FN:5,(anonymous_8)
FN:29,(anonymous_9)
FN:29,(anonymous_10)
FN:60,(anonymous_11)
FN:60,(anonymous_12)
FN:86,(anonymous_13)
FN:86,(anonymous_14)
FN:111,(anonymous_15)
FN:111,(anonymous_16)
FN:130,(anonymous_17)
FN:131,(anonymous_18)
FN:132,(anonymous_19)
FN:133,(anonymous_20)
FN:134,(anonymous_21)
FN:135,(anonymous_22)
FN:136,(anonymous_23)
FNF:17
FNH:0
FNDA:0,(anonymous_7)
FNDA:0,(anonymous_8)
FNDA:0,(anonymous_9)
FNDA:0,(anonymous_10)
FNDA:0,(anonymous_11)
FNDA:0,(anonymous_12)
FNDA:0,(anonymous_13)
FNDA:0,(anonymous_14)
FNDA:0,(anonymous_15)
FNDA:0,(anonymous_16)
FNDA:0,(anonymous_17)
FNDA:0,(anonymous_18)
FNDA:0,(anonymous_19)
FNDA:0,(anonymous_20)
FNDA:0,(anonymous_21)
FNDA:0,(anonymous_22)
FNDA:0,(anonymous_23)
DA:1,0
DA:4,0
DA:5,0
DA:6,0
DA:10,0
DA:11,0
DA:14,0
DA:19,0
DA:20,0
DA:21,0
DA:23,0
DA:26,0
DA:29,0
DA:30,0
DA:33,0
DA:34,0
DA:37,0
DA:38,0
DA:41,0
DA:43,0
DA:49,0
DA:50,0
DA:51,0
DA:53,0
DA:54,0
DA:57,0
DA:60,0
DA:61,0
DA:65,0
DA:66,0
DA:69,0
DA:75,0
DA:76,0
DA:77,0
DA:79,0
DA:80,0
DA:83,0
DA:86,0
DA:87,0
DA:91,0
DA:92,0
DA:95,0
DA:100,0
DA:101,0
DA:102,0
DA:104,0
DA:105,0
DA:108,0
DA:111,0
DA:112,0
DA:113,0
DA:118,0
DA:119,0
DA:120,0
DA:121,0
DA:122,0
DA:123,0
DA:124,0
DA:125,0
DA:129,0
DA:130,0
DA:131,0
DA:132,0
DA:133,0
DA:134,0
DA:135,0
DA:137,0
DA:138,0
DA:139,0
LF:69
LH:0
BRDA:10,0,0,0
BRDA:10,0,1,0
BRDA:19,1,0,0
BRDA:19,1,1,0
BRDA:20,2,0,0
BRDA:20,2,1,0
BRDA:33,3,0,0
BRDA:33,3,1,0
BRDA:37,4,0,0
BRDA:37,4,1,0
BRDA:41,5,0,0
BRDA:41,5,1,0
BRDA:49,6,0,0
BRDA:49,6,1,0
BRDA:50,7,0,0
BRDA:50,7,1,0
BRDA:54,8,0,0
BRDA:54,8,1,0
BRDA:65,9,0,0
BRDA:65,9,1,0
BRDA:75,10,0,0
BRDA:75,10,1,0
BRDA:76,11,0,0
BRDA:76,11,1,0
BRDA:80,12,0,0
BRDA:80,12,1,0
BRDA:91,13,0,0
BRDA:91,13,1,0
BRDA:100,14,0,0
BRDA:100,14,1,0
BRDA:101,15,0,0
BRDA:101,15,1,0
BRDA:105,16,0,0
BRDA:105,16,1,0
BRDA:112,17,0,0
BRDA:112,17,1,0
BRDA:118,18,0,0
BRDA:118,18,1,0
BRF:38
BRH:0
end_of_record
TN:
SF:src\services\auth.ts
FN:2,(anonymous_0)
FN:6,(anonymous_1)
FN:10,(anonymous_2)
FN:14,(anonymous_3)
FNF:4
FNH:0
FNDA:0,(anonymous_0)
FNDA:0,(anonymous_1)
FNDA:0,(anonymous_2)
FNDA:0,(anonymous_3)
DA:1,0
DA:3,0
DA:7,0
DA:11,0
DA:15,0
LF:5
LH:0
BRF:0
BRH:0
end_of_record
TN:
SF:src\utils\apiErrorHandler.ts
FN:3,(anonymous_0)
FNF:1
FNH:0
FNDA:0,(anonymous_0)
DA:1,0
DA:3,0
DA:4,0
DA:6,0
DA:9,0
DA:10,0
DA:14,0
DA:18,0
LF:8
LH:0
BRDA:4,0,0,0
BRDA:4,0,1,0
BRDA:9,1,0,0
BRDA:9,1,1,0
BRF:4
BRH:0
end_of_record
TN:
SF:src\utils\formatting.ts
FN:2,(anonymous_0)
FNF:1
FNH:0
FNDA:0,(anonymous_0)
DA:2,0
DA:3,0
DA:4,0
LF:3
LH:0
BRDA:3,0,0,0
BRDA:3,0,1,0
BRF:2
BRH:0
end_of_record
